{"C:\\Projects\\GymOS\\frontend\\src\\app\\App.tsx": {"path":"C:\\Projects\\GymOS\\frontend\\src\\app\\App.tsx","statementMap":{"0":{"start":{"line":1,"column":0},"end":{"line":1,"column":73}},"1":{"start":{"line":2,"column":0},"end":{"line":2,"column":54}},"2":{"start":{"line":3,"column":0},"end":{"line":3,"column":58}},"3":{"start":{"line":4,"column":0},"end":{"line":4,"column":50}},"4":{"start":{"line":5,"column":0},"end":{"line":5,"column":43}},"5":{"start":{"line":7,"column":20},"end":{"line":7,"column":37}},"6":{"start":{"line":10,"column":2},"end":{"line":19,"column":4}},"7":{"start":{"line":22,"column":0},"end":{"line":22,"column":19}}},"fnMap":{"0":{"name":"App","decl":{"start":{"line":9,"column":9},"end":{"line":9,"column":12}},"loc":{"start":{"line":9,"column":12},"end":{"line":20,"column":1}}}},"branchMap":{},"s":{"0":1,"1":1,"2":1,"3":1,"4":1,"5":1,"6":1,"7":1},"f":{"0":1},"b":{}}
,"C:\\Projects\\GymOS\\frontend\\src\\components\\layout\\AppShell.tsx": {"path":"C:\\Projects\\GymOS\\frontend\\src\\components\\layout\\AppShell.tsx","statementMap":{"0":{"start":{"line":8,"column":0},"end":{"line":8,"column":16}},"1":{"start":{"line":1,"column":0},"end":{"line":1,"column":33}},"2":{"start":{"line":2,"column":0},"end":{"line":2,"column":42}},"3":{"start":{"line":3,"column":0},"end":{"line":3,"column":36}},"4":{"start":{"line":4,"column":0},"end":{"line":4,"column":34}},"5":{"start":{"line":5,"column":0},"end":{"line":5,"column":33}},"6":{"start":{"line":6,"column":0},"end":{"line":6,"column":48}},"7":{"start":{"line":9,"column":46},"end":{"line":9,"column":61}},"8":{"start":{"line":11,"column":2},"end":{"line":51,"column":4}},"9":{"start":{"line":21,"column":27},"end":{"line":21,"column":51}},"10":{"start":{"line":29,"column":31},"end":{"line":29,"column":55}},"11":{"start":{"line":37,"column":32},"end":{"line":37,"column":56}},"12":{"start":{"line":45,"column":40},"end":{"line":45,"column":63}}},"fnMap":{"0":{"name":"AppShell","decl":{"start":{"line":8,"column":16},"end":{"line":8,"column":24}},"loc":{"start":{"line":8,"column":24},"end":{"line":52,"column":1}}},"1":{"name":"(anonymous_1)","decl":{"start":{"line":21,"column":21},"end":{"line":21,"column":24}},"loc":{"start":{"line":21,"column":27},"end":{"line":21,"column":51}}},"2":{"name":"(anonymous_2)","decl":{"start":{"line":29,"column":25},"end":{"line":29,"column":28}},"loc":{"start":{"line":29,"column":31},"end":{"line":29,"column":55}}},"3":{"name":"(anonymous_3)","decl":{"start":{"line":37,"column":26},"end":{"line":37,"column":29}},"loc":{"start":{"line":37,"column":32},"end":{"line":37,"column":56}}},"4":{"name":"(anonymous_4)","decl":{"start":{"line":45,"column":34},"end":{"line":45,"column":37}},"loc":{"start":{"line":45,"column":40},"end":{"line":45,"column":63}}}},"branchMap":{"0":{"loc":{"start":{"line":17,"column":7},"end":{"line":40,"column":null}},"type":"binary-expr","locations":[{"start":{"line":17,"column":7},"end":{"line":17,"column":21}},{"start":{"line":18,"column":8},"end":{"line":39,"column":null}}]}},"s":{"0":1,"1":1,"2":1,"3":1,"4":1,"5":1,"6":1,"7":0,"8":0,"9":0,"10":0,"11":0,"12":0},"f":{"0":0,"1":0,"2":0,"3":0,"4":0},"b":{"0":[0,0]}}
,"C:\\Projects\\GymOS\\frontend\\src\\components\\layout\\BreadcrumbNav.tsx": {"path":"C:\\Projects\\GymOS\\frontend\\src\\components\\layout\\BreadcrumbNav.tsx","statementMap":{"0":{"start":{"line":13,"column":0},"end":{"line":13,"column":16}},"1":{"start":{"line":1,"column":0},"end":{"line":1,"column":47}},"2":{"start":{"line":2,"column":0},"end":{"line":2,"column":50}},"3":{"start":{"line":3,"column":0},"end":{"line":3,"column":null}},"4":{"start":{"line":11,"column":0},"end":{"line":11,"column":52}},"5":{"start":{"line":14,"column":19},"end":{"line":14,"column":32}},"6":{"start":{"line":15,"column":16},"end":{"line":15,"column":60}},"7":{"start":{"line":18,"column":46},"end":{"line":18,"column":48}},"8":{"start":{"line":19,"column":2},"end":{"line":21,"column":5}},"9":{"start":{"line":20,"column":4},"end":{"line":20,"column":39}},"10":{"start":{"line":23,"column":2},"end":{"line":55,"column":4}},"11":{"start":{"line":32,"column":25},"end":{"line":32,"column":51}},"12":{"start":{"line":33,"column":23},"end":{"line":33,"column":64}},"13":{"start":{"line":36,"column":24},"end":{"line":36,"column":89}},"14":{"start":{"line":38,"column":10},"end":{"line":51,"column":12}}},"fnMap":{"0":{"name":"BreadcrumbNav","decl":{"start":{"line":13,"column":16},"end":{"line":13,"column":29}},"loc":{"start":{"line":13,"column":29},"end":{"line":56,"column":1}}},"1":{"name":"(anonymous_1)","decl":{"start":{"line":19,"column":28},"end":{"line":19,"column":29}},"loc":{"start":{"line":19,"column":36},"end":{"line":21,"column":3}}},"2":{"name":"(anonymous_2)","decl":{"start":{"line":31,"column":19},"end":{"line":31,"column":20}},"loc":{"start":{"line":31,"column":35},"end":{"line":52,"column":9}}}},"branchMap":{"0":{"loc":{"start":{"line":36,"column":24},"end":{"line":36,"column":89}},"type":"binary-expr","locations":[{"start":{"line":36,"column":24},"end":{"line":36,"column":41}},{"start":{"line":36,"column":45},"end":{"line":36,"column":89}}]},"1":{"loc":{"start":{"line":44,"column":17},"end":{"line":47,"column":null}},"type":"cond-expr","locations":[{"start":{"line":45,"column":18},"end":{"line":45,"column":58}},{"start":{"line":47,"column":18},"end":{"line":47,"column":70}}]}},"s":{"0":1,"1":1,"2":1,"3":1,"4":1,"5":0,"6":0,"7":0,"8":0,"9":0,"10":0,"11":0,"12":0,"13":0,"14":0},"f":{"0":0,"1":0,"2":0},"b":{"0":[0,0],"1":[0,0]}}
,"C:\\Projects\\GymOS\\frontend\\src\\components\\layout\\Header.tsx": {"path":"C:\\Projects\\GymOS\\frontend\\src\\components\\layout\\Header.tsx","statementMap":{"0":{"start":{"line":16,"column":0},"end":{"line":16,"column":16}},"1":{"start":{"line":1,"column":0},"end":{"line":1,"column":56}},"2":{"start":{"line":2,"column":0},"end":{"line":2,"column":48}},"3":{"start":{"line":3,"column":0},"end":{"line":3,"column":null}},"4":{"start":{"line":11,"column":0},"end":{"line":11,"column":64}},"5":{"start":{"line":12,"column":0},"end":{"line":12,"column":49}},"6":{"start":{"line":13,"column":0},"end":{"line":13,"column":48}},"7":{"start":{"line":14,"column":0},"end":{"line":14,"column":47}},"8":{"start":{"line":17,"column":27},"end":{"line":17,"column":36}},"9":{"start":{"line":18,"column":19},"end":{"line":18,"column":32}},"10":{"start":{"line":20,"column":23},"end":{"line":23,"column":3}},"11":{"start":{"line":21,"column":4},"end":{"line":21,"column":13}},"12":{"start":{"line":22,"column":4},"end":{"line":22,"column":28}},"13":{"start":{"line":25,"column":22},"end":{"line":25,"column":91}},"14":{"start":{"line":25,"column":42},"end":{"line":25,"column":90}},"15":{"start":{"line":27,"column":2},"end":{"line":78,"column":4}},"16":{"start":{"line":62,"column":45},"end":{"line":62,"column":65}}},"fnMap":{"0":{"name":"Header","decl":{"start":{"line":16,"column":16},"end":{"line":16,"column":22}},"loc":{"start":{"line":16,"column":77},"end":{"line":79,"column":1}}},"1":{"name":"(anonymous_1)","decl":{"start":{"line":20,"column":23},"end":{"line":20,"column":26}},"loc":{"start":{"line":20,"column":28},"end":{"line":23,"column":3}}},"2":{"name":"(anonymous_2)","decl":{"start":{"line":25,"column":22},"end":{"line":25,"column":23}},"loc":{"start":{"line":25,"column":42},"end":{"line":25,"column":90}}},"3":{"name":"(anonymous_3)","decl":{"start":{"line":62,"column":39},"end":{"line":62,"column":42}},"loc":{"start":{"line":62,"column":45},"end":{"line":62,"column":65}}}},"branchMap":{"0":{"loc":{"start":{"line":25,"column":42},"end":{"line":25,"column":90}},"type":"cond-expr","locations":[{"start":{"line":25,"column":49},"end":{"line":25,"column":83}},{"start":{"line":25,"column":86},"end":{"line":25,"column":90}}]},"1":{"loc":{"start":{"line":55,"column":65},"end":{"line":55,"column":95}},"type":"binary-expr","locations":[{"start":{"line":55,"column":65},"end":{"line":55,"column":75}},{"start":{"line":55,"column":79},"end":{"line":55,"column":95}}]},"2":{"loc":{"start":{"line":57,"column":19},"end":{"line":57,"column":49}},"type":"binary-expr","locations":[{"start":{"line":57,"column":19},"end":{"line":57,"column":29}},{"start":{"line":57,"column":33},"end":{"line":57,"column":49}}]}},"s":{"0":1,"1":1,"2":1,"3":1,"4":1,"5":1,"6":1,"7":1,"8":0,"9":0,"10":0,"11":0,"12":0,"13":0,"14":0,"15":0,"16":0},"f":{"0":0,"1":0,"2":0,"3":0},"b":{"0":[0,0],"1":[0,0],"2":[0,0]}}
,"C:\\Projects\\GymOS\\frontend\\src\\components\\layout\\Sidebar.tsx": {"path":"C:\\Projects\\GymOS\\frontend\\src\\components\\layout\\Sidebar.tsx","statementMap":{"0":{"start":{"line":7,"column":0},"end":{"line":7,"column":16}},"1":{"start":{"line":1,"column":0},"end":{"line":1,"column":64}},"2":{"start":{"line":2,"column":0},"end":{"line":2,"column":49}},"3":{"start":{"line":3,"column":0},"end":{"line":3,"column":57}},"4":{"start":{"line":4,"column":0},"end":{"line":4,"column":32}},"5":{"start":{"line":14,"column":19},"end":{"line":14,"column":28}},"6":{"start":{"line":15,"column":19},"end":{"line":15,"column":32}},"7":{"start":{"line":16,"column":19},"end":{"line":16,"column":52}},"8":{"start":{"line":19,"column":18},"end":{"line":26,"column":null}},"9":{"start":{"line":21,"column":16},"end":{"line":21,"column":37}},"10":{"start":{"line":22,"column":6},"end":{"line":22,"column":31}},"11":{"start":{"line":22,"column":19},"end":{"line":22,"column":31}},"12":{"start":{"line":23,"column":6},"end":{"line":23,"column":24}},"13":{"start":{"line":24,"column":6},"end":{"line":24,"column":17}},"14":{"start":{"line":29,"column":2},"end":{"line":74,"column":4}},"15":{"start":{"line":39,"column":10},"end":{"line":39,"column":null}},"16":{"start":{"line":45,"column":29},"end":{"line":45,"column":38}},"17":{"start":{"line":46,"column":33},"end":{"line":46,"column":95}},"18":{"start":{"line":47,"column":16},"end":{"line":63,"column":18}}},"fnMap":{"0":{"name":"Sidebar","decl":{"start":{"line":7,"column":16},"end":{"line":7,"column":23}},"loc":{"start":{"line":13,"column":1},"end":{"line":75,"column":1}}},"1":{"name":"(anonymous_1)","decl":{"start":{"line":20,"column":4},"end":{"line":20,"column":5}},"loc":{"start":{"line":20,"column":18},"end":{"line":25,"column":5}}},"2":{"name":"(anonymous_2)","decl":{"start":{"line":38,"column":37},"end":{"line":38,"column":38}},"loc":{"start":{"line":39,"column":10},"end":{"line":39,"column":null}}},"3":{"name":"(anonymous_3)","decl":{"start":{"line":44,"column":25},"end":{"line":44,"column":26}},"loc":{"start":{"line":44,"column":34},"end":{"line":64,"column":15}}}},"branchMap":{"0":{"loc":{"start":{"line":21,"column":16},"end":{"line":21,"column":37}},"type":"binary-expr","locations":[{"start":{"line":21,"column":16},"end":{"line":21,"column":26}},{"start":{"line":21,"column":30},"end":{"line":21,"column":37}}]},"1":{"loc":{"start":{"line":22,"column":6},"end":{"line":22,"column":31}},"type":"if","locations":[{"start":{"line":22,"column":6},"end":{"line":22,"column":31}},{"start":{},"end":{}}]},"2":{"loc":{"start":{"line":54,"column":24},"end":{"line":56,"column":51}},"type":"cond-expr","locations":[{"start":{"line":55,"column":28},"end":{"line":55,"column":76}},{"start":{"line":56,"column":28},"end":{"line":56,"column":51}}]},"3":{"loc":{"start":{"line":59,"column":23},"end":{"line":59,"column":59}},"type":"binary-expr","locations":[{"start":{"line":59,"column":23},"end":{"line":59,"column":27}},{"start":{"line":59,"column":31},"end":{"line":59,"column":59}}]}},"s":{"0":1,"1":1,"2":1,"3":1,"4":1,"5":0,"6":0,"7":0,"8":0,"9":0,"10":0,"11":0,"12":0,"13":0,"14":0,"15":0,"16":0,"17":0,"18":0},"f":{"0":0,"1":0,"2":0,"3":0},"b":{"0":[0,0],"1":[0,0],"2":[0,0],"3":[0,0]}}
,"C:\\Projects\\GymOS\\frontend\\src\\components\\ui\\alert-dialog.tsx": {"path":"C:\\Projects\\GymOS\\frontend\\src\\components\\ui\\alert-dialog.tsx","statementMap":{"0":{"start":{"line":1,"column":0},"end":{"line":1,"column":31}},"1":{"start":{"line":2,"column":0},"end":{"line":2,"column":69}},"2":{"start":{"line":4,"column":0},"end":{"line":4,"column":32}},"3":{"start":{"line":5,"column":0},"end":{"line":5,"column":56}},"4":{"start":{"line":7,"column":20},"end":{"line":7,"column":45}},"5":{"start":{"line":104,"column":2},"end":{"line":104,"column":13}},"6":{"start":{"line":9,"column":27},"end":{"line":9,"column":55}},"7":{"start":{"line":107,"column":2},"end":{"line":107,"column":20}},"8":{"start":{"line":11,"column":26},"end":{"line":11,"column":53}},"9":{"start":{"line":105,"column":2},"end":{"line":105,"column":19}},"10":{"start":{"line":13,"column":27},"end":{"line":25,"column":2}},"11":{"start":{"line":17,"column":2},"end":{"line":23,"column":null}},"12":{"start":{"line":106,"column":2},"end":{"line":106,"column":20}},"13":{"start":{"line":26,"column":0},"end":{"line":26,"column":74}},"14":{"start":{"line":28,"column":27},"end":{"line":43,"column":2}},"15":{"start":{"line":32,"column":2},"end":{"line":41,"column":null}},"16":{"start":{"line":108,"column":2},"end":{"line":108,"column":20}},"17":{"start":{"line":44,"column":0},"end":{"line":44,"column":74}},"18":{"start":{"line":46,"column":26},"end":{"line":47,"column":null}},"19":{"start":{"line":47,"column":2},"end":{"line":47,"column":98}},"20":{"start":{"line":109,"column":2},"end":{"line":109,"column":19}},"21":{"start":{"line":49,"column":0},"end":{"line":49,"column":52}},"22":{"start":{"line":51,"column":26},"end":{"line":55,"column":null}},"23":{"start":{"line":52,"column":2},"end":{"line":54,"column":null}},"24":{"start":{"line":110,"column":2},"end":{"line":110,"column":19}},"25":{"start":{"line":57,"column":0},"end":{"line":57,"column":52}},"26":{"start":{"line":59,"column":25},"end":{"line":68,"column":2}},"27":{"start":{"line":63,"column":2},"end":{"line":66,"column":null}},"28":{"start":{"line":111,"column":2},"end":{"line":111,"column":18}},"29":{"start":{"line":69,"column":0},"end":{"line":69,"column":70}},"30":{"start":{"line":71,"column":31},"end":{"line":80,"column":2}},"31":{"start":{"line":75,"column":2},"end":{"line":78,"column":null}},"32":{"start":{"line":112,"column":2},"end":{"line":112,"column":24}},"33":{"start":{"line":81,"column":0},"end":{"line":81,"column":82}},"34":{"start":{"line":83,"column":26},"end":{"line":88,"column":2}},"35":{"start":{"line":87,"column":2},"end":{"line":87,"column":98}},"36":{"start":{"line":113,"column":2},"end":{"line":113,"column":19}},"37":{"start":{"line":89,"column":0},"end":{"line":89,"column":72}},"38":{"start":{"line":91,"column":26},"end":{"line":100,"column":2}},"39":{"start":{"line":95,"column":2},"end":{"line":98,"column":null}},"40":{"start":{"line":114,"column":2},"end":{"line":114,"column":19}},"41":{"start":{"line":101,"column":0},"end":{"line":101,"column":72}}},"fnMap":{"0":{"name":"(anonymous_9)","decl":{"start":{"line":16,"column":2},"end":{"line":16,"column":3}},"loc":{"start":{"line":17,"column":2},"end":{"line":23,"column":null}}},"1":{"name":"(anonymous_10)","decl":{"start":{"line":31,"column":2},"end":{"line":31,"column":3}},"loc":{"start":{"line":32,"column":2},"end":{"line":41,"column":null}}},"2":{"name":"(anonymous_11)","decl":{"start":{"line":46,"column":26},"end":{"line":46,"column":27}},"loc":{"start":{"line":47,"column":2},"end":{"line":47,"column":98}}},"3":{"name":"(anonymous_12)","decl":{"start":{"line":51,"column":26},"end":{"line":51,"column":27}},"loc":{"start":{"line":52,"column":2},"end":{"line":54,"column":null}}},"4":{"name":"(anonymous_13)","decl":{"start":{"line":62,"column":2},"end":{"line":62,"column":3}},"loc":{"start":{"line":63,"column":2},"end":{"line":66,"column":null}}},"5":{"name":"(anonymous_14)","decl":{"start":{"line":74,"column":2},"end":{"line":74,"column":3}},"loc":{"start":{"line":75,"column":2},"end":{"line":78,"column":null}}},"6":{"name":"(anonymous_15)","decl":{"start":{"line":86,"column":2},"end":{"line":86,"column":3}},"loc":{"start":{"line":87,"column":2},"end":{"line":87,"column":98}}},"7":{"name":"(anonymous_16)","decl":{"start":{"line":94,"column":2},"end":{"line":94,"column":3}},"loc":{"start":{"line":95,"column":2},"end":{"line":98,"column":null}}}},"branchMap":{},"s":{"0":1,"1":1,"2":1,"3":1,"4":1,"5":1,"6":1,"7":1,"8":1,"9":1,"10":1,"11":0,"12":1,"13":1,"14":1,"15":0,"16":1,"17":1,"18":1,"19":0,"20":1,"21":1,"22":1,"23":0,"24":1,"25":1,"26":1,"27":0,"28":1,"29":1,"30":1,"31":0,"32":1,"33":1,"34":1,"35":0,"36":1,"37":1,"38":1,"39":0,"40":1,"41":1},"f":{"0":0,"1":0,"2":0,"3":0,"4":0,"5":0,"6":0,"7":0},"b":{}}
,"C:\\Projects\\GymOS\\frontend\\src\\components\\ui\\avatar.tsx": {"path":"C:\\Projects\\GymOS\\frontend\\src\\components\\ui\\avatar.tsx","statementMap":{"0":{"start":{"line":1,"column":0},"end":{"line":1,"column":31}},"1":{"start":{"line":2,"column":0},"end":{"line":2,"column":58}},"2":{"start":{"line":3,"column":0},"end":{"line":3,"column":32}},"3":{"start":{"line":5,"column":15},"end":{"line":14,"column":2}},"4":{"start":{"line":9,"column":2},"end":{"line":12,"column":null}},"5":{"start":{"line":44,"column":9},"end":{"line":44,"column":15}},"6":{"start":{"line":15,"column":0},"end":{"line":15,"column":54}},"7":{"start":{"line":17,"column":20},"end":{"line":26,"column":2}},"8":{"start":{"line":21,"column":2},"end":{"line":24,"column":null}},"9":{"start":{"line":44,"column":17},"end":{"line":44,"column":28}},"10":{"start":{"line":27,"column":0},"end":{"line":27,"column":60}},"11":{"start":{"line":29,"column":23},"end":{"line":41,"column":2}},"12":{"start":{"line":33,"column":2},"end":{"line":39,"column":null}},"13":{"start":{"line":44,"column":30},"end":{"line":44,"column":44}},"14":{"start":{"line":42,"column":0},"end":{"line":42,"column":66}}},"fnMap":{"0":{"name":"(anonymous_9)","decl":{"start":{"line":8,"column":2},"end":{"line":8,"column":3}},"loc":{"start":{"line":9,"column":2},"end":{"line":12,"column":null}}},"1":{"name":"(anonymous_10)","decl":{"start":{"line":20,"column":2},"end":{"line":20,"column":3}},"loc":{"start":{"line":21,"column":2},"end":{"line":24,"column":null}}},"2":{"name":"(anonymous_11)","decl":{"start":{"line":32,"column":2},"end":{"line":32,"column":3}},"loc":{"start":{"line":33,"column":2},"end":{"line":39,"column":null}}}},"branchMap":{},"s":{"0":2,"1":2,"2":2,"3":2,"4":1,"5":2,"6":2,"7":2,"8":1,"9":2,"10":2,"11":2,"12":1,"13":2,"14":2},"f":{"0":1,"1":1,"2":1},"b":{}}
,"C:\\Projects\\GymOS\\frontend\\src\\components\\ui\\badge.tsx": {"path":"C:\\Projects\\GymOS\\frontend\\src\\components\\ui\\badge.tsx","statementMap":{"0":{"start":{"line":31,"column":9},"end":{"line":31,"column":14}},"1":{"start":{"line":2,"column":0},"end":{"line":2,"column":31}},"2":{"start":{"line":3,"column":0},"end":{"line":3,"column":66}},"3":{"start":{"line":4,"column":0},"end":{"line":4,"column":32}},"4":{"start":{"line":6,"column":22},"end":{"line":22,"column":null}},"5":{"start":{"line":31,"column":16},"end":{"line":31,"column":29}},"6":{"start":{"line":28,"column":2},"end":{"line":28,"column":82}}},"fnMap":{"0":{"name":"Badge","decl":{"start":{"line":27,"column":9},"end":{"line":27,"column":14}},"loc":{"start":{"line":27,"column":59},"end":{"line":29,"column":1}}}},"branchMap":{},"s":{"0":1,"1":1,"2":1,"3":1,"4":1,"5":1,"6":1},"f":{"0":1},"b":{}}
,"C:\\Projects\\GymOS\\frontend\\src\\components\\ui\\breadcrumb.tsx": {"path":"C:\\Projects\\GymOS\\frontend\\src\\components\\ui\\breadcrumb.tsx","statementMap":{"0":{"start":{"line":1,"column":0},"end":{"line":1,"column":31}},"1":{"start":{"line":2,"column":0},"end":{"line":2,"column":60}},"2":{"start":{"line":3,"column":0},"end":{"line":3,"column":32}},"3":{"start":{"line":5,"column":19},"end":{"line":10,"column":78}},"4":{"start":{"line":10,"column":25},"end":{"line":10,"column":77}},"5":{"start":{"line":92,"column":2},"end":{"line":92,"column":12}},"6":{"start":{"line":11,"column":0},"end":{"line":11,"column":38}},"7":{"start":{"line":13,"column":23},"end":{"line":23,"column":null}},"8":{"start":{"line":15,"column":4},"end":{"line":21,"column":null}},"9":{"start":{"line":93,"column":2},"end":{"line":93,"column":16}},"10":{"start":{"line":25,"column":0},"end":{"line":25,"column":46}},"11":{"start":{"line":27,"column":23},"end":{"line":30,"column":null}},"12":{"start":{"line":29,"column":4},"end":{"line":29,"column":93}},"13":{"start":{"line":94,"column":2},"end":{"line":94,"column":16}},"14":{"start":{"line":32,"column":0},"end":{"line":32,"column":46}},"15":{"start":{"line":34,"column":23},"end":{"line":49,"column":2}},"16":{"start":{"line":40,"column":15},"end":{"line":40,"column":45}},"17":{"start":{"line":42,"column":2},"end":{"line":48,"column":4}},"18":{"start":{"line":95,"column":2},"end":{"line":95,"column":16}},"19":{"start":{"line":50,"column":0},"end":{"line":50,"column":46}},"20":{"start":{"line":52,"column":23},"end":{"line":62,"column":null}},"21":{"start":{"line":54,"column":4},"end":{"line":60,"column":null}},"22":{"start":{"line":96,"column":2},"end":{"line":96,"column":16}},"23":{"start":{"line":64,"column":0},"end":{"line":64,"column":46}},"24":{"start":{"line":66,"column":28},"end":{"line":74,"column":null}},"25":{"start":{"line":67,"column":2},"end":{"line":73,"column":null}},"26":{"start":{"line":97,"column":2},"end":{"line":97,"column":21}},"27":{"start":{"line":76,"column":0},"end":{"line":76,"column":56}},"28":{"start":{"line":78,"column":27},"end":{"line":87,"column":null}},"29":{"start":{"line":79,"column":2},"end":{"line":86,"column":null}},"30":{"start":{"line":98,"column":2},"end":{"line":98,"column":20}},"31":{"start":{"line":89,"column":0},"end":{"line":89,"column":54}}},"fnMap":{"0":{"name":"(anonymous_9)","decl":{"start":{"line":10,"column":2},"end":{"line":10,"column":3}},"loc":{"start":{"line":10,"column":25},"end":{"line":10,"column":77}}},"1":{"name":"(anonymous_10)","decl":{"start":{"line":14,"column":2},"end":{"line":14,"column":3}},"loc":{"start":{"line":15,"column":4},"end":{"line":21,"column":null}}},"2":{"name":"(anonymous_11)","decl":{"start":{"line":28,"column":2},"end":{"line":28,"column":3}},"loc":{"start":{"line":29,"column":4},"end":{"line":29,"column":93}}},"3":{"name":"(anonymous_12)","decl":{"start":{"line":39,"column":2},"end":{"line":39,"column":3}},"loc":{"start":{"line":39,"column":44},"end":{"line":49,"column":1}}},"4":{"name":"(anonymous_13)","decl":{"start":{"line":53,"column":2},"end":{"line":53,"column":3}},"loc":{"start":{"line":54,"column":4},"end":{"line":60,"column":null}}},"5":{"name":"(anonymous_14)","decl":{"start":{"line":66,"column":28},"end":{"line":66,"column":29}},"loc":{"start":{"line":67,"column":2},"end":{"line":73,"column":null}}},"6":{"name":"(anonymous_15)","decl":{"start":{"line":78,"column":27},"end":{"line":78,"column":28}},"loc":{"start":{"line":79,"column":2},"end":{"line":86,"column":null}}}},"branchMap":{"0":{"loc":{"start":{"line":40,"column":15},"end":{"line":40,"column":45}},"type":"cond-expr","locations":[{"start":{"line":40,"column":25},"end":{"line":40,"column":39}},{"start":{"line":40,"column":42},"end":{"line":40,"column":45}}]},"1":{"loc":{"start":{"line":73,"column":5},"end":{"line":73,"column":33}},"type":"binary-expr","locations":[{"start":{"line":73,"column":5},"end":{"line":73,"column":13}},{"start":{"line":73,"column":17},"end":{"line":73,"column":33}}]}},"s":{"0":1,"1":1,"2":1,"3":1,"4":0,"5":1,"6":1,"7":1,"8":0,"9":1,"10":1,"11":1,"12":0,"13":1,"14":1,"15":1,"16":0,"17":0,"18":1,"19":1,"20":1,"21":0,"22":1,"23":1,"24":1,"25":0,"26":1,"27":1,"28":1,"29":0,"30":1,"31":1},"f":{"0":0,"1":0,"2":0,"3":0,"4":0,"5":0,"6":0},"b":{"0":[0,0],"1":[0,0]}}
,"C:\\Projects\\GymOS\\frontend\\src\\components\\ui\\button.tsx": {"path":"C:\\Projects\\GymOS\\frontend\\src\\components\\ui\\button.tsx","statementMap":{"0":{"start":{"line":2,"column":0},"end":{"line":2,"column":31}},"1":{"start":{"line":3,"column":0},"end":{"line":3,"column":44}},"2":{"start":{"line":4,"column":0},"end":{"line":4,"column":66}},"3":{"start":{"line":5,"column":0},"end":{"line":5,"column":32}},"4":{"start":{"line":6,"column":0},"end":{"line":6,"column":39}},"5":{"start":{"line":8,"column":23},"end":{"line":31,"column":null}},"6":{"start":{"line":58,"column":17},"end":{"line":58,"column":31}},"7":{"start":{"line":40,"column":15},"end":{"line":54,"column":null}},"8":{"start":{"line":42,"column":17},"end":{"line":42,"column":42}},"9":{"start":{"line":43,"column":4},"end":{"line":53,"column":6}},"10":{"start":{"line":58,"column":9},"end":{"line":58,"column":15}},"11":{"start":{"line":56,"column":0},"end":{"line":56,"column":30}}},"fnMap":{"0":{"name":"(anonymous_9)","decl":{"start":{"line":41,"column":2},"end":{"line":41,"column":3}},"loc":{"start":{"line":41,"column":94},"end":{"line":54,"column":3}}}},"branchMap":{"0":{"loc":{"start":{"line":41,"column":31},"end":{"line":41,"column":46}},"type":"default-arg","locations":[{"start":{"line":41,"column":41},"end":{"line":41,"column":46}}]},"1":{"loc":{"start":{"line":41,"column":48},"end":{"line":41,"column":63}},"type":"default-arg","locations":[{"start":{"line":41,"column":58},"end":{"line":41,"column":63}}]},"2":{"loc":{"start":{"line":42,"column":17},"end":{"line":42,"column":42}},"type":"cond-expr","locations":[{"start":{"line":42,"column":27},"end":{"line":42,"column":31}},{"start":{"line":42,"column":34},"end":{"line":42,"column":42}}]},"3":{"loc":{"start":{"line":47,"column":18},"end":{"line":47,"column":43}},"type":"binary-expr","locations":[{"start":{"line":47,"column":18},"end":{"line":47,"column":25}},{"start":{"line":47,"column":29},"end":{"line":47,"column":43}}]},"4":{"loc":{"start":{"line":50,"column":9},"end":{"line":50,"column":69}},"type":"binary-expr","locations":[{"start":{"line":50,"column":9},"end":{"line":50,"column":16}},{"start":{"line":50,"column":20},"end":{"line":50,"column":69}}]}},"s":{"0":2,"1":2,"2":2,"3":2,"4":2,"5":2,"6":2,"7":2,"8":9,"9":9,"10":2,"11":2},"f":{"0":9},"b":{"0":[9],"1":[8],"2":[0,9],"3":[9,8],"4":[9,1]}}
,"C:\\Projects\\GymOS\\frontend\\src\\components\\ui\\card.tsx": {"path":"C:\\Projects\\GymOS\\frontend\\src\\components\\ui\\card.tsx","statementMap":{"0":{"start":{"line":1,"column":0},"end":{"line":1,"column":31}},"1":{"start":{"line":2,"column":0},"end":{"line":2,"column":32}},"2":{"start":{"line":4,"column":13},"end":{"line":11,"column":null}},"3":{"start":{"line":6,"column":4},"end":{"line":9,"column":null}},"4":{"start":{"line":55,"column":9},"end":{"line":55,"column":13}},"5":{"start":{"line":13,"column":0},"end":{"line":13,"column":26}},"6":{"start":{"line":15,"column":19},"end":{"line":18,"column":null}},"7":{"start":{"line":17,"column":4},"end":{"line":17,"column":91}},"8":{"start":{"line":55,"column":15},"end":{"line":55,"column":25}},"9":{"start":{"line":20,"column":0},"end":{"line":20,"column":38}},"10":{"start":{"line":22,"column":18},"end":{"line":29,"column":null}},"11":{"start":{"line":24,"column":4},"end":{"line":27,"column":null}},"12":{"start":{"line":55,"column":27},"end":{"line":55,"column":36}},"13":{"start":{"line":31,"column":0},"end":{"line":31,"column":36}},"14":{"start":{"line":33,"column":24},"end":{"line":38,"column":2}},"15":{"start":{"line":37,"column":2},"end":{"line":37,"column":87}},"16":{"start":{"line":55,"column":38},"end":{"line":55,"column":53}},"17":{"start":{"line":39,"column":0},"end":{"line":39,"column":48}},"18":{"start":{"line":41,"column":20},"end":{"line":44,"column":null}},"19":{"start":{"line":43,"column":4},"end":{"line":43,"column":70}},"20":{"start":{"line":55,"column":55},"end":{"line":55,"column":66}},"21":{"start":{"line":46,"column":0},"end":{"line":46,"column":40}},"22":{"start":{"line":48,"column":19},"end":{"line":51,"column":null}},"23":{"start":{"line":50,"column":4},"end":{"line":50,"column":88}},"24":{"start":{"line":55,"column":68},"end":{"line":55,"column":78}},"25":{"start":{"line":53,"column":0},"end":{"line":53,"column":38}}},"fnMap":{"0":{"name":"(anonymous_9)","decl":{"start":{"line":5,"column":2},"end":{"line":5,"column":3}},"loc":{"start":{"line":6,"column":4},"end":{"line":9,"column":null}}},"1":{"name":"(anonymous_10)","decl":{"start":{"line":16,"column":2},"end":{"line":16,"column":3}},"loc":{"start":{"line":17,"column":4},"end":{"line":17,"column":91}}},"2":{"name":"(anonymous_11)","decl":{"start":{"line":23,"column":2},"end":{"line":23,"column":3}},"loc":{"start":{"line":24,"column":4},"end":{"line":27,"column":null}}},"3":{"name":"(anonymous_12)","decl":{"start":{"line":36,"column":2},"end":{"line":36,"column":3}},"loc":{"start":{"line":37,"column":2},"end":{"line":37,"column":87}}},"4":{"name":"(anonymous_13)","decl":{"start":{"line":42,"column":2},"end":{"line":42,"column":3}},"loc":{"start":{"line":43,"column":4},"end":{"line":43,"column":70}}},"5":{"name":"(anonymous_14)","decl":{"start":{"line":49,"column":2},"end":{"line":49,"column":3}},"loc":{"start":{"line":50,"column":4},"end":{"line":50,"column":88}}}},"branchMap":{},"s":{"0":2,"1":2,"2":2,"3":2,"4":2,"5":2,"6":2,"7":2,"8":2,"9":2,"10":2,"11":2,"12":2,"13":2,"14":2,"15":1,"16":2,"17":2,"18":2,"19":2,"20":2,"21":2,"22":2,"23":0,"24":2,"25":2},"f":{"0":2,"1":2,"2":2,"3":1,"4":2,"5":0},"b":{}}
,"C:\\Projects\\GymOS\\frontend\\src\\components\\ui\\checkbox.tsx": {"path":"C:\\Projects\\GymOS\\frontend\\src\\components\\ui\\checkbox.tsx","statementMap":{"0":{"start":{"line":1,"column":0},"end":{"line":1,"column":31}},"1":{"start":{"line":2,"column":0},"end":{"line":2,"column":62}},"2":{"start":{"line":3,"column":0},"end":{"line":3,"column":37}},"3":{"start":{"line":4,"column":0},"end":{"line":4,"column":32}},"4":{"start":{"line":6,"column":17},"end":{"line":22,"column":2}},"5":{"start":{"line":10,"column":2},"end":{"line":20,"column":null}},"6":{"start":{"line":25,"column":9},"end":{"line":25,"column":17}},"7":{"start":{"line":23,"column":0},"end":{"line":23,"column":58}}},"fnMap":{"0":{"name":"(anonymous_9)","decl":{"start":{"line":9,"column":2},"end":{"line":9,"column":3}},"loc":{"start":{"line":10,"column":2},"end":{"line":20,"column":null}}}},"branchMap":{},"s":{"0":1,"1":1,"2":1,"3":1,"4":1,"5":1,"6":1,"7":1},"f":{"0":1},"b":{}}
,"C:\\Projects\\GymOS\\frontend\\src\\components\\ui\\dialog.tsx": {"path":"C:\\Projects\\GymOS\\frontend\\src\\components\\ui\\dialog.tsx","statementMap":{"0":{"start":{"line":1,"column":0},"end":{"line":1,"column":31}},"1":{"start":{"line":2,"column":0},"end":{"line":2,"column":58}},"2":{"start":{"line":3,"column":0},"end":{"line":3,"column":33}},"3":{"start":{"line":5,"column":0},"end":{"line":5,"column":32}},"4":{"start":{"line":7,"column":15},"end":{"line":7,"column":35}},"5":{"start":{"line":92,"column":2},"end":{"line":92,"column":8}},"6":{"start":{"line":9,"column":22},"end":{"line":9,"column":45}},"7":{"start":{"line":96,"column":2},"end":{"line":96,"column":15}},"8":{"start":{"line":11,"column":21},"end":{"line":11,"column":43}},"9":{"start":{"line":93,"column":2},"end":{"line":93,"column":14}},"10":{"start":{"line":13,"column":20},"end":{"line":13,"column":41}},"11":{"start":{"line":95,"column":2},"end":{"line":95,"column":13}},"12":{"start":{"line":15,"column":22},"end":{"line":27,"column":2}},"13":{"start":{"line":19,"column":2},"end":{"line":25,"column":null}},"14":{"start":{"line":94,"column":2},"end":{"line":94,"column":15}},"15":{"start":{"line":28,"column":0},"end":{"line":28,"column":64}},"16":{"start":{"line":30,"column":22},"end":{"line":51,"column":2}},"17":{"start":{"line":34,"column":2},"end":{"line":49,"column":null}},"18":{"start":{"line":97,"column":2},"end":{"line":97,"column":15}},"19":{"start":{"line":52,"column":0},"end":{"line":52,"column":64}},"20":{"start":{"line":54,"column":21},"end":{"line":55,"column":null}},"21":{"start":{"line":55,"column":2},"end":{"line":55,"column":100}},"22":{"start":{"line":98,"column":2},"end":{"line":98,"column":14}},"23":{"start":{"line":57,"column":0},"end":{"line":57,"column":42}},"24":{"start":{"line":59,"column":21},"end":{"line":63,"column":null}},"25":{"start":{"line":60,"column":2},"end":{"line":62,"column":null}},"26":{"start":{"line":99,"column":2},"end":{"line":99,"column":14}},"27":{"start":{"line":65,"column":0},"end":{"line":65,"column":42}},"28":{"start":{"line":67,"column":20},"end":{"line":76,"column":2}},"29":{"start":{"line":71,"column":2},"end":{"line":74,"column":null}},"30":{"start":{"line":100,"column":2},"end":{"line":100,"column":13}},"31":{"start":{"line":77,"column":0},"end":{"line":77,"column":60}},"32":{"start":{"line":79,"column":26},"end":{"line":88,"column":2}},"33":{"start":{"line":83,"column":2},"end":{"line":86,"column":null}},"34":{"start":{"line":101,"column":2},"end":{"line":101,"column":19}},"35":{"start":{"line":89,"column":0},"end":{"line":89,"column":72}}},"fnMap":{"0":{"name":"(anonymous_9)","decl":{"start":{"line":18,"column":2},"end":{"line":18,"column":3}},"loc":{"start":{"line":19,"column":2},"end":{"line":25,"column":null}}},"1":{"name":"(anonymous_10)","decl":{"start":{"line":33,"column":2},"end":{"line":33,"column":3}},"loc":{"start":{"line":34,"column":2},"end":{"line":49,"column":null}}},"2":{"name":"(anonymous_11)","decl":{"start":{"line":54,"column":21},"end":{"line":54,"column":22}},"loc":{"start":{"line":55,"column":2},"end":{"line":55,"column":100}}},"3":{"name":"(anonymous_12)","decl":{"start":{"line":59,"column":21},"end":{"line":59,"column":22}},"loc":{"start":{"line":60,"column":2},"end":{"line":62,"column":null}}},"4":{"name":"(anonymous_13)","decl":{"start":{"line":70,"column":2},"end":{"line":70,"column":3}},"loc":{"start":{"line":71,"column":2},"end":{"line":74,"column":null}}},"5":{"name":"(anonymous_14)","decl":{"start":{"line":82,"column":2},"end":{"line":82,"column":3}},"loc":{"start":{"line":83,"column":2},"end":{"line":86,"column":null}}}},"branchMap":{},"s":{"0":1,"1":1,"2":1,"3":1,"4":1,"5":1,"6":1,"7":1,"8":1,"9":1,"10":1,"11":1,"12":1,"13":2,"14":1,"15":1,"16":1,"17":1,"18":1,"19":1,"20":1,"21":1,"22":1,"23":1,"24":1,"25":0,"26":1,"27":1,"28":1,"29":1,"30":1,"31":1,"32":1,"33":1,"34":1,"35":1},"f":{"0":2,"1":1,"2":1,"3":0,"4":1,"5":1},"b":{}}
,"C:\\Projects\\GymOS\\frontend\\src\\components\\ui\\dropdown-menu.tsx": {"path":"C:\\Projects\\GymOS\\frontend\\src\\components\\ui\\dropdown-menu.tsx","statementMap":{"0":{"start":{"line":1,"column":0},"end":{"line":1,"column":31}},"1":{"start":{"line":2,"column":0},"end":{"line":2,"column":71}},"2":{"start":{"line":3,"column":0},"end":{"line":3,"column":59}},"3":{"start":{"line":5,"column":0},"end":{"line":5,"column":32}},"4":{"start":{"line":7,"column":21},"end":{"line":7,"column":47}},"5":{"start":{"line":170,"column":2},"end":{"line":170,"column":14}},"6":{"start":{"line":9,"column":28},"end":{"line":9,"column":57}},"7":{"start":{"line":171,"column":2},"end":{"line":171,"column":21}},"8":{"start":{"line":11,"column":26},"end":{"line":11,"column":53}},"9":{"start":{"line":179,"column":2},"end":{"line":179,"column":19}},"10":{"start":{"line":13,"column":27},"end":{"line":13,"column":55}},"11":{"start":{"line":180,"column":2},"end":{"line":180,"column":20}},"12":{"start":{"line":15,"column":24},"end":{"line":15,"column":49}},"13":{"start":{"line":181,"column":2},"end":{"line":181,"column":17}},"14":{"start":{"line":17,"column":31},"end":{"line":17,"column":63}},"15":{"start":{"line":184,"column":2},"end":{"line":184,"column":24}},"16":{"start":{"line":19,"column":31},"end":{"line":37,"column":2}},"17":{"start":{"line":25,"column":2},"end":{"line":35,"column":null}},"18":{"start":{"line":183,"column":2},"end":{"line":183,"column":24}},"19":{"start":{"line":38,"column":0},"end":{"line":38,"column":82}},"20":{"start":{"line":40,"column":31},"end":{"line":52,"column":2}},"21":{"start":{"line":44,"column":2},"end":{"line":50,"column":null}},"22":{"start":{"line":182,"column":2},"end":{"line":182,"column":24}},"23":{"start":{"line":53,"column":0},"end":{"line":53,"column":82}},"24":{"start":{"line":55,"column":28},"end":{"line":70,"column":2}},"25":{"start":{"line":59,"column":2},"end":{"line":68,"column":null}},"26":{"start":{"line":172,"column":2},"end":{"line":172,"column":21}},"27":{"start":{"line":71,"column":0},"end":{"line":71,"column":76}},"28":{"start":{"line":73,"column":25},"end":{"line":88,"column":2}},"29":{"start":{"line":79,"column":2},"end":{"line":86,"column":null}},"30":{"start":{"line":173,"column":2},"end":{"line":173,"column":18}},"31":{"start":{"line":89,"column":0},"end":{"line":89,"column":70}},"32":{"start":{"line":91,"column":33},"end":{"line":111,"column":2}},"33":{"start":{"line":95,"column":2},"end":{"line":109,"column":null}},"34":{"start":{"line":174,"column":2},"end":{"line":174,"column":26}},"35":{"start":{"line":112,"column":0},"end":{"line":112,"column":86}},"36":{"start":{"line":114,"column":30},"end":{"line":133,"column":2}},"37":{"start":{"line":118,"column":2},"end":{"line":131,"column":null}},"38":{"start":{"line":175,"column":2},"end":{"line":175,"column":23}},"39":{"start":{"line":134,"column":0},"end":{"line":134,"column":80}},"40":{"start":{"line":136,"column":26},"end":{"line":147,"column":2}},"41":{"start":{"line":142,"column":2},"end":{"line":145,"column":null}},"42":{"start":{"line":176,"column":2},"end":{"line":176,"column":19}},"43":{"start":{"line":148,"column":0},"end":{"line":148,"column":72}},"44":{"start":{"line":150,"column":30},"end":{"line":159,"column":2}},"45":{"start":{"line":154,"column":2},"end":{"line":157,"column":null}},"46":{"start":{"line":177,"column":2},"end":{"line":177,"column":23}},"47":{"start":{"line":160,"column":0},"end":{"line":160,"column":80}},"48":{"start":{"line":162,"column":29},"end":{"line":166,"column":1}},"49":{"start":{"line":163,"column":2},"end":{"line":165,"column":4}},"50":{"start":{"line":178,"column":2},"end":{"line":178,"column":22}},"51":{"start":{"line":167,"column":0},"end":{"line":167,"column":58}}},"fnMap":{"0":{"name":"(anonymous_9)","decl":{"start":{"line":24,"column":2},"end":{"line":24,"column":3}},"loc":{"start":{"line":25,"column":2},"end":{"line":35,"column":null}}},"1":{"name":"(anonymous_10)","decl":{"start":{"line":43,"column":2},"end":{"line":43,"column":3}},"loc":{"start":{"line":44,"column":2},"end":{"line":50,"column":null}}},"2":{"name":"(anonymous_11)","decl":{"start":{"line":58,"column":2},"end":{"line":58,"column":3}},"loc":{"start":{"line":59,"column":2},"end":{"line":68,"column":null}}},"3":{"name":"(anonymous_12)","decl":{"start":{"line":78,"column":2},"end":{"line":78,"column":3}},"loc":{"start":{"line":79,"column":2},"end":{"line":86,"column":null}}},"4":{"name":"(anonymous_13)","decl":{"start":{"line":94,"column":2},"end":{"line":94,"column":3}},"loc":{"start":{"line":95,"column":2},"end":{"line":109,"column":null}}},"5":{"name":"(anonymous_14)","decl":{"start":{"line":117,"column":2},"end":{"line":117,"column":3}},"loc":{"start":{"line":118,"column":2},"end":{"line":131,"column":null}}},"6":{"name":"(anonymous_15)","decl":{"start":{"line":141,"column":2},"end":{"line":141,"column":3}},"loc":{"start":{"line":142,"column":2},"end":{"line":145,"column":null}}},"7":{"name":"(anonymous_16)","decl":{"start":{"line":153,"column":2},"end":{"line":153,"column":3}},"loc":{"start":{"line":154,"column":2},"end":{"line":157,"column":null}}},"8":{"name":"(anonymous_17)","decl":{"start":{"line":162,"column":29},"end":{"line":162,"column":30}},"loc":{"start":{"line":162,"column":96},"end":{"line":166,"column":1}}}},"branchMap":{"0":{"loc":{"start":{"line":29,"column":6},"end":{"line":29,"column":21}},"type":"binary-expr","locations":[{"start":{"line":29,"column":6},"end":{"line":29,"column":11}},{"start":{"line":29,"column":15},"end":{"line":29,"column":21}}]},"1":{"loc":{"start":{"line":58,"column":16},"end":{"line":58,"column":30}},"type":"default-arg","locations":[{"start":{"line":58,"column":29},"end":{"line":58,"column":30}}]},"2":{"loc":{"start":{"line":83,"column":6},"end":{"line":83,"column":21}},"type":"binary-expr","locations":[{"start":{"line":83,"column":6},"end":{"line":83,"column":11}},{"start":{"line":83,"column":15},"end":{"line":83,"column":21}}]},"3":{"loc":{"start":{"line":144,"column":55},"end":{"line":144,"column":70}},"type":"binary-expr","locations":[{"start":{"line":144,"column":55},"end":{"line":144,"column":60}},{"start":{"line":144,"column":64},"end":{"line":144,"column":70}}]}},"s":{"0":1,"1":1,"2":1,"3":1,"4":1,"5":1,"6":1,"7":1,"8":1,"9":1,"10":1,"11":1,"12":1,"13":1,"14":1,"15":1,"16":1,"17":0,"18":1,"19":1,"20":1,"21":0,"22":1,"23":1,"24":1,"25":0,"26":1,"27":1,"28":1,"29":0,"30":1,"31":1,"32":1,"33":0,"34":1,"35":1,"36":1,"37":0,"38":1,"39":1,"40":1,"41":0,"42":1,"43":1,"44":1,"45":0,"46":1,"47":1,"48":1,"49":0,"50":1,"51":1},"f":{"0":0,"1":0,"2":0,"3":0,"4":0,"5":0,"6":0,"7":0,"8":0},"b":{"0":[0,0],"1":[0],"2":[0,0],"3":[0,0]}}
,"C:\\Projects\\GymOS\\frontend\\src\\components\\ui\\input.tsx": {"path":"C:\\Projects\\GymOS\\frontend\\src\\components\\ui\\input.tsx","statementMap":{"0":{"start":{"line":1,"column":0},"end":{"line":1,"column":31}},"1":{"start":{"line":2,"column":0},"end":{"line":2,"column":32}},"2":{"start":{"line":6,"column":14},"end":{"line":19,"column":null}},"3":{"start":{"line":8,"column":4},"end":{"line":18,"column":6}},"4":{"start":{"line":23,"column":9},"end":{"line":23,"column":14}},"5":{"start":{"line":21,"column":0},"end":{"line":21,"column":28}}},"fnMap":{"0":{"name":"(anonymous_9)","decl":{"start":{"line":7,"column":2},"end":{"line":7,"column":3}},"loc":{"start":{"line":7,"column":41},"end":{"line":19,"column":3}}}},"branchMap":{},"s":{"0":2,"1":2,"2":2,"3":1,"4":2,"5":2},"f":{"0":1},"b":{}}
,"C:\\Projects\\GymOS\\frontend\\src\\components\\ui\\label.tsx": {"path":"C:\\Projects\\GymOS\\frontend\\src\\components\\ui\\label.tsx","statementMap":{"0":{"start":{"line":1,"column":0},"end":{"line":1,"column":31}},"1":{"start":{"line":2,"column":0},"end":{"line":2,"column":32}},"2":{"start":{"line":4,"column":14},"end":{"line":14,"column":null}},"3":{"start":{"line":6,"column":4},"end":{"line":12,"column":null}},"4":{"start":{"line":18,"column":9},"end":{"line":18,"column":14}},"5":{"start":{"line":16,"column":0},"end":{"line":16,"column":28}}},"fnMap":{"0":{"name":"(anonymous_9)","decl":{"start":{"line":5,"column":2},"end":{"line":5,"column":3}},"loc":{"start":{"line":6,"column":4},"end":{"line":12,"column":null}}}},"branchMap":{},"s":{"0":1,"1":1,"2":1,"3":3,"4":1,"5":1},"f":{"0":3},"b":{}}
,"C:\\Projects\\GymOS\\frontend\\src\\components\\ui\\select.tsx": {"path":"C:\\Projects\\GymOS\\frontend\\src\\components\\ui\\select.tsx","statementMap":{"0":{"start":{"line":1,"column":0},"end":{"line":1,"column":31}},"1":{"start":{"line":2,"column":0},"end":{"line":2,"column":58}},"2":{"start":{"line":3,"column":0},"end":{"line":3,"column":61}},"3":{"start":{"line":5,"column":0},"end":{"line":5,"column":32}},"4":{"start":{"line":7,"column":15},"end":{"line":7,"column":35}},"5":{"start":{"line":141,"column":2},"end":{"line":141,"column":8}},"6":{"start":{"line":9,"column":20},"end":{"line":9,"column":41}},"7":{"start":{"line":142,"column":2},"end":{"line":142,"column":13}},"8":{"start":{"line":11,"column":20},"end":{"line":11,"column":41}},"9":{"start":{"line":143,"column":2},"end":{"line":143,"column":13}},"10":{"start":{"line":13,"column":22},"end":{"line":30,"column":2}},"11":{"start":{"line":17,"column":2},"end":{"line":28,"column":null}},"12":{"start":{"line":144,"column":2},"end":{"line":144,"column":15}},"13":{"start":{"line":31,"column":0},"end":{"line":31,"column":64}},"14":{"start":{"line":33,"column":29},"end":{"line":44,"column":2}},"15":{"start":{"line":37,"column":2},"end":{"line":42,"column":null}},"16":{"start":{"line":149,"column":2},"end":{"line":149,"column":22}},"17":{"start":{"line":45,"column":0},"end":{"line":45,"column":78}},"18":{"start":{"line":47,"column":31},"end":{"line":58,"column":2}},"19":{"start":{"line":51,"column":2},"end":{"line":56,"column":null}},"20":{"start":{"line":150,"column":2},"end":{"line":150,"column":24}},"21":{"start":{"line":59,"column":0},"end":{"line":59,"column":82}},"22":{"start":{"line":61,"column":22},"end":{"line":90,"column":2}},"23":{"start":{"line":65,"column":2},"end":{"line":88,"column":null}},"24":{"start":{"line":145,"column":2},"end":{"line":145,"column":15}},"25":{"start":{"line":91,"column":0},"end":{"line":91,"column":64}},"26":{"start":{"line":93,"column":20},"end":{"line":102,"column":2}},"27":{"start":{"line":97,"column":2},"end":{"line":100,"column":null}},"28":{"start":{"line":146,"column":2},"end":{"line":146,"column":13}},"29":{"start":{"line":103,"column":0},"end":{"line":103,"column":60}},"30":{"start":{"line":105,"column":19},"end":{"line":125,"column":2}},"31":{"start":{"line":109,"column":2},"end":{"line":123,"column":null}},"32":{"start":{"line":147,"column":2},"end":{"line":147,"column":12}},"33":{"start":{"line":126,"column":0},"end":{"line":126,"column":58}},"34":{"start":{"line":128,"column":24},"end":{"line":137,"column":2}},"35":{"start":{"line":132,"column":2},"end":{"line":135,"column":null}},"36":{"start":{"line":148,"column":2},"end":{"line":148,"column":17}},"37":{"start":{"line":138,"column":0},"end":{"line":138,"column":68}}},"fnMap":{"0":{"name":"(anonymous_9)","decl":{"start":{"line":16,"column":2},"end":{"line":16,"column":3}},"loc":{"start":{"line":17,"column":2},"end":{"line":28,"column":null}}},"1":{"name":"(anonymous_10)","decl":{"start":{"line":36,"column":2},"end":{"line":36,"column":3}},"loc":{"start":{"line":37,"column":2},"end":{"line":42,"column":null}}},"2":{"name":"(anonymous_11)","decl":{"start":{"line":50,"column":2},"end":{"line":50,"column":3}},"loc":{"start":{"line":51,"column":2},"end":{"line":56,"column":null}}},"3":{"name":"(anonymous_12)","decl":{"start":{"line":64,"column":2},"end":{"line":64,"column":3}},"loc":{"start":{"line":65,"column":2},"end":{"line":88,"column":null}}},"4":{"name":"(anonymous_13)","decl":{"start":{"line":96,"column":2},"end":{"line":96,"column":3}},"loc":{"start":{"line":97,"column":2},"end":{"line":100,"column":null}}},"5":{"name":"(anonymous_14)","decl":{"start":{"line":108,"column":2},"end":{"line":108,"column":3}},"loc":{"start":{"line":109,"column":2},"end":{"line":123,"column":null}}},"6":{"name":"(anonymous_15)","decl":{"start":{"line":131,"column":2},"end":{"line":131,"column":3}},"loc":{"start":{"line":132,"column":2},"end":{"line":135,"column":null}}}},"branchMap":{"0":{"loc":{"start":{"line":64,"column":26},"end":{"line":64,"column":45}},"type":"default-arg","locations":[{"start":{"line":64,"column":37},"end":{"line":64,"column":45}}]},"1":{"loc":{"start":{"line":70,"column":8},"end":{"line":71,"column":139}},"type":"binary-expr","locations":[{"start":{"line":70,"column":8},"end":{"line":70,"column":29}},{"start":{"line":71,"column":10},"end":{"line":71,"column":139}}]},"2":{"loc":{"start":{"line":81,"column":10},"end":{"line":82,"column":101}},"type":"binary-expr","locations":[{"start":{"line":81,"column":10},"end":{"line":81,"column":31}},{"start":{"line":82,"column":12},"end":{"line":82,"column":101}}]}},"s":{"0":2,"1":2,"2":2,"3":2,"4":2,"5":2,"6":2,"7":2,"8":2,"9":2,"10":2,"11":1,"12":2,"13":2,"14":2,"15":1,"16":2,"17":2,"18":2,"19":1,"20":2,"21":2,"22":2,"23":1,"24":2,"25":2,"26":2,"27":0,"28":2,"29":2,"30":2,"31":2,"32":2,"33":2,"34":2,"35":0,"36":2,"37":2},"f":{"0":1,"1":1,"2":1,"3":1,"4":0,"5":2,"6":0},"b":{"0":[1],"1":[1,1],"2":[1,1]}}
,"C:\\Projects\\GymOS\\frontend\\src\\components\\ui\\separator.tsx": {"path":"C:\\Projects\\GymOS\\frontend\\src\\components\\ui\\separator.tsx","statementMap":{"0":{"start":{"line":1,"column":0},"end":{"line":1,"column":31}},"1":{"start":{"line":2,"column":0},"end":{"line":2,"column":64}},"2":{"start":{"line":3,"column":0},"end":{"line":3,"column":32}},"3":{"start":{"line":5,"column":18},"end":{"line":20,"column":2}},"4":{"start":{"line":9,"column":2},"end":{"line":18,"column":null}},"5":{"start":{"line":23,"column":9},"end":{"line":23,"column":18}},"6":{"start":{"line":21,"column":0},"end":{"line":21,"column":60}}},"fnMap":{"0":{"name":"(anonymous_9)","decl":{"start":{"line":8,"column":2},"end":{"line":8,"column":3}},"loc":{"start":{"line":9,"column":2},"end":{"line":18,"column":null}}}},"branchMap":{"0":{"loc":{"start":{"line":8,"column":16},"end":{"line":8,"column":42}},"type":"default-arg","locations":[{"start":{"line":8,"column":30},"end":{"line":8,"column":42}}]},"1":{"loc":{"start":{"line":8,"column":44},"end":{"line":8,"column":61}},"type":"default-arg","locations":[{"start":{"line":8,"column":57},"end":{"line":8,"column":61}}]},"2":{"loc":{"start":{"line":15,"column":6},"end":{"line":15,"column":72}},"type":"cond-expr","locations":[{"start":{"line":15,"column":37},"end":{"line":15,"column":53}},{"start":{"line":15,"column":56},"end":{"line":15,"column":72}}]}},"s":{"0":1,"1":1,"2":1,"3":1,"4":1,"5":1,"6":1},"f":{"0":1},"b":{"0":[1],"1":[0],"2":[1,0]}}
,"C:\\Projects\\GymOS\\frontend\\src\\components\\ui\\skeleton.tsx": {"path":"C:\\Projects\\GymOS\\frontend\\src\\components\\ui\\skeleton.tsx","statementMap":{"0":{"start":{"line":7,"column":9},"end":{"line":7,"column":17}},"1":{"start":{"line":1,"column":0},"end":{"line":1,"column":32}},"2":{"start":{"line":4,"column":2},"end":{"line":4,"column":91}}},"fnMap":{"0":{"name":"Skeleton","decl":{"start":{"line":3,"column":9},"end":{"line":3,"column":17}},"loc":{"start":{"line":3,"column":79},"end":{"line":5,"column":1}}}},"branchMap":{},"s":{"0":1,"1":1,"2":1},"f":{"0":1},"b":{}}
,"C:\\Projects\\GymOS\\frontend\\src\\components\\ui\\switch.tsx": {"path":"C:\\Projects\\GymOS\\frontend\\src\\components\\ui\\switch.tsx","statementMap":{"0":{"start":{"line":1,"column":0},"end":{"line":1,"column":31}},"1":{"start":{"line":2,"column":0},"end":{"line":2,"column":59}},"2":{"start":{"line":3,"column":0},"end":{"line":3,"column":32}},"3":{"start":{"line":5,"column":15},"end":{"line":23,"column":2}},"4":{"start":{"line":9,"column":2},"end":{"line":21,"column":null}},"5":{"start":{"line":26,"column":9},"end":{"line":26,"column":15}},"6":{"start":{"line":24,"column":0},"end":{"line":24,"column":55}}},"fnMap":{"0":{"name":"(anonymous_9)","decl":{"start":{"line":8,"column":2},"end":{"line":8,"column":3}},"loc":{"start":{"line":9,"column":2},"end":{"line":21,"column":null}}}},"branchMap":{},"s":{"0":1,"1":1,"2":1,"3":1,"4":1,"5":1,"6":1},"f":{"0":1},"b":{}}
,"C:\\Projects\\GymOS\\frontend\\src\\components\\ui\\tabs.tsx": {"path":"C:\\Projects\\GymOS\\frontend\\src\\components\\ui\\tabs.tsx","statementMap":{"0":{"start":{"line":1,"column":0},"end":{"line":1,"column":31}},"1":{"start":{"line":2,"column":0},"end":{"line":2,"column":54}},"2":{"start":{"line":3,"column":0},"end":{"line":3,"column":32}},"3":{"start":{"line":5,"column":13},"end":{"line":5,"column":31}},"4":{"start":{"line":52,"column":9},"end":{"line":52,"column":13}},"5":{"start":{"line":7,"column":17},"end":{"line":19,"column":2}},"6":{"start":{"line":11,"column":2},"end":{"line":17,"column":null}},"7":{"start":{"line":52,"column":15},"end":{"line":52,"column":23}},"8":{"start":{"line":20,"column":0},"end":{"line":20,"column":54}},"9":{"start":{"line":22,"column":20},"end":{"line":34,"column":2}},"10":{"start":{"line":26,"column":2},"end":{"line":32,"column":null}},"11":{"start":{"line":52,"column":25},"end":{"line":52,"column":36}},"12":{"start":{"line":35,"column":0},"end":{"line":35,"column":60}},"13":{"start":{"line":37,"column":20},"end":{"line":49,"column":2}},"14":{"start":{"line":41,"column":2},"end":{"line":47,"column":null}},"15":{"start":{"line":52,"column":38},"end":{"line":52,"column":49}},"16":{"start":{"line":50,"column":0},"end":{"line":50,"column":60}}},"fnMap":{"0":{"name":"(anonymous_9)","decl":{"start":{"line":10,"column":2},"end":{"line":10,"column":3}},"loc":{"start":{"line":11,"column":2},"end":{"line":17,"column":null}}},"1":{"name":"(anonymous_10)","decl":{"start":{"line":25,"column":2},"end":{"line":25,"column":3}},"loc":{"start":{"line":26,"column":2},"end":{"line":32,"column":null}}},"2":{"name":"(anonymous_11)","decl":{"start":{"line":40,"column":2},"end":{"line":40,"column":3}},"loc":{"start":{"line":41,"column":2},"end":{"line":47,"column":null}}}},"branchMap":{},"s":{"0":1,"1":1,"2":1,"3":1,"4":1,"5":1,"6":1,"7":1,"8":1,"9":1,"10":2,"11":1,"12":1,"13":1,"14":2,"15":1,"16":1},"f":{"0":1,"1":2,"2":2},"b":{}}
,"C:\\Projects\\GymOS\\frontend\\src\\components\\ui\\textarea.tsx": {"path":"C:\\Projects\\GymOS\\frontend\\src\\components\\ui\\textarea.tsx","statementMap":{"0":{"start":{"line":1,"column":0},"end":{"line":1,"column":31}},"1":{"start":{"line":2,"column":0},"end":{"line":2,"column":32}},"2":{"start":{"line":6,"column":17},"end":{"line":18,"column":null}},"3":{"start":{"line":8,"column":4},"end":{"line":17,"column":6}},"4":{"start":{"line":22,"column":9},"end":{"line":22,"column":17}},"5":{"start":{"line":20,"column":0},"end":{"line":20,"column":34}}},"fnMap":{"0":{"name":"(anonymous_9)","decl":{"start":{"line":7,"column":2},"end":{"line":7,"column":3}},"loc":{"start":{"line":7,"column":35},"end":{"line":18,"column":3}}}},"branchMap":{},"s":{"0":1,"1":1,"2":1,"3":1,"4":1,"5":1},"f":{"0":1},"b":{}}
,"C:\\Projects\\GymOS\\frontend\\src\\components\\ui\\toast.tsx": {"path":"C:\\Projects\\GymOS\\frontend\\src\\components\\ui\\toast.tsx","statementMap":{"0":{"start":{"line":1,"column":0},"end":{"line":1,"column":31}},"1":{"start":{"line":2,"column":0},"end":{"line":2,"column":57}},"2":{"start":{"line":3,"column":0},"end":{"line":3,"column":33}},"3":{"start":{"line":5,"column":0},"end":{"line":5,"column":32}},"4":{"start":{"line":7,"column":22},"end":{"line":7,"column":46}},"5":{"start":{"line":110,"column":2},"end":{"line":110,"column":15}},"6":{"start":{"line":9,"column":22},"end":{"line":21,"column":2}},"7":{"start":{"line":13,"column":2},"end":{"line":19,"column":null}},"8":{"start":{"line":111,"column":2},"end":{"line":111,"column":15}},"9":{"start":{"line":22,"column":0},"end":{"line":22,"column":65}},"10":{"start":{"line":24,"column":14},"end":{"line":48,"column":2}},"11":{"start":{"line":30,"column":2},"end":{"line":47,"column":4}},"12":{"start":{"line":112,"column":2},"end":{"line":112,"column":7}},"13":{"start":{"line":49,"column":0},"end":{"line":49,"column":53}},"14":{"start":{"line":51,"column":20},"end":{"line":63,"column":2}},"15":{"start":{"line":55,"column":2},"end":{"line":61,"column":null}},"16":{"start":{"line":116,"column":2},"end":{"line":116,"column":13}},"17":{"start":{"line":64,"column":0},"end":{"line":64,"column":61}},"18":{"start":{"line":66,"column":19},"end":{"line":81,"column":2}},"19":{"start":{"line":70,"column":2},"end":{"line":79,"column":null}},"20":{"start":{"line":115,"column":2},"end":{"line":115,"column":12}},"21":{"start":{"line":82,"column":0},"end":{"line":82,"column":59}},"22":{"start":{"line":84,"column":19},"end":{"line":89,"column":2}},"23":{"start":{"line":88,"column":2},"end":{"line":88,"column":99}},"24":{"start":{"line":113,"column":2},"end":{"line":113,"column":12}},"25":{"start":{"line":90,"column":0},"end":{"line":90,"column":59}},"26":{"start":{"line":92,"column":25},"end":{"line":101,"column":2}},"27":{"start":{"line":96,"column":2},"end":{"line":99,"column":null}},"28":{"start":{"line":114,"column":2},"end":{"line":114,"column":18}},"29":{"start":{"line":102,"column":0},"end":{"line":102,"column":71}}},"fnMap":{"0":{"name":"(anonymous_9)","decl":{"start":{"line":12,"column":2},"end":{"line":12,"column":3}},"loc":{"start":{"line":13,"column":2},"end":{"line":19,"column":null}}},"1":{"name":"(anonymous_10)","decl":{"start":{"line":29,"column":2},"end":{"line":29,"column":3}},"loc":{"start":{"line":29,"column":56},"end":{"line":48,"column":1}}},"2":{"name":"(anonymous_11)","decl":{"start":{"line":54,"column":2},"end":{"line":54,"column":3}},"loc":{"start":{"line":55,"column":2},"end":{"line":61,"column":null}}},"3":{"name":"(anonymous_12)","decl":{"start":{"line":69,"column":2},"end":{"line":69,"column":3}},"loc":{"start":{"line":70,"column":2},"end":{"line":79,"column":null}}},"4":{"name":"(anonymous_13)","decl":{"start":{"line":87,"column":2},"end":{"line":87,"column":3}},"loc":{"start":{"line":88,"column":2},"end":{"line":88,"column":99}}},"5":{"name":"(anonymous_14)","decl":{"start":{"line":95,"column":2},"end":{"line":95,"column":3}},"loc":{"start":{"line":96,"column":2},"end":{"line":99,"column":null}}}},"branchMap":{"0":{"loc":{"start":{"line":29,"column":16},"end":{"line":29,"column":35}},"type":"default-arg","locations":[{"start":{"line":29,"column":26},"end":{"line":29,"column":35}}]}},"s":{"0":1,"1":1,"2":1,"3":1,"4":1,"5":1,"6":1,"7":1,"8":1,"9":1,"10":1,"11":0,"12":1,"13":1,"14":1,"15":0,"16":1,"17":1,"18":1,"19":0,"20":1,"21":1,"22":1,"23":0,"24":1,"25":1,"26":1,"27":0,"28":1,"29":1},"f":{"0":1,"1":0,"2":0,"3":0,"4":0,"5":0},"b":{"0":[0]}}
,"C:\\Projects\\GymOS\\frontend\\src\\components\\ui\\toaster.tsx": {"path":"C:\\Projects\\GymOS\\frontend\\src\\components\\ui\\toaster.tsx","statementMap":{"0":{"start":{"line":11,"column":0},"end":{"line":11,"column":16}},"1":{"start":{"line":1,"column":0},"end":{"line":1,"column":null}},"2":{"start":{"line":9,"column":0},"end":{"line":9,"column":53}},"3":{"start":{"line":12,"column":21},"end":{"line":12,"column":31}},"4":{"start":{"line":14,"column":2},"end":{"line":30,"column":4}},"5":{"start":{"line":17,"column":8},"end":{"line":26,"column":10}}},"fnMap":{"0":{"name":"Toaster","decl":{"start":{"line":11,"column":16},"end":{"line":11,"column":23}},"loc":{"start":{"line":11,"column":23},"end":{"line":31,"column":1}}},"1":{"name":"(anonymous_1)","decl":{"start":{"line":16,"column":18},"end":{"line":16,"column":28}},"loc":{"start":{"line":16,"column":72},"end":{"line":27,"column":7}}}},"branchMap":{"0":{"loc":{"start":{"line":20,"column":15},"end":{"line":20,"column":56}},"type":"binary-expr","locations":[{"start":{"line":20,"column":15},"end":{"line":20,"column":20}},{"start":{"line":20,"column":24},"end":{"line":20,"column":56}}]},"1":{"loc":{"start":{"line":21,"column":15},"end":{"line":21,"column":80}},"type":"binary-expr","locations":[{"start":{"line":21,"column":15},"end":{"line":21,"column":26}},{"start":{"line":21,"column":30},"end":{"line":21,"column":80}}]}},"s":{"0":1,"1":1,"2":1,"3":1,"4":1,"5":0},"f":{"0":1,"1":0},"b":{"0":[0,0],"1":[0,0]}}
,"C:\\Projects\\GymOS\\frontend\\src\\components\\ui\\use-toast.ts": {"path":"C:\\Projects\\GymOS\\frontend\\src\\components\\ui\\use-toast.ts","statementMap":{"0":{"start":{"line":184,"column":9},"end":{"line":184,"column":17}},"1":{"start":{"line":184,"column":19},"end":{"line":184,"column":24}},"2":{"start":{"line":2,"column":0},"end":{"line":2,"column":31}},"3":{"start":{"line":5,"column":20},"end":{"line":5,"column":21}},"4":{"start":{"line":6,"column":27},"end":{"line":6,"column":34}},"5":{"start":{"line":15,"column":20},"end":{"line":20,"column":11}},"6":{"start":{"line":22,"column":12},"end":{"line":22,"column":13}},"7":{"start":{"line":25,"column":2},"end":{"line":25,"column":48}},"8":{"start":{"line":26,"column":2},"end":{"line":26,"column":26}},"9":{"start":{"line":53,"column":22},"end":{"line":53,"column":70}},"10":{"start":{"line":55,"column":25},"end":{"line":69,"column":1}},"11":{"start":{"line":56,"column":2},"end":{"line":58,"column":3}},"12":{"start":{"line":57,"column":4},"end":{"line":57,"column":11}},"13":{"start":{"line":60,"column":18},"end":{"line":66,"column":24}},"14":{"start":{"line":61,"column":4},"end":{"line":61,"column":34}},"15":{"start":{"line":62,"column":4},"end":{"line":65,"column":7}},"16":{"start":{"line":68,"column":2},"end":{"line":68,"column":38}},"17":{"start":{"line":71,"column":23},"end":{"line":120,"column":1}},"18":{"start":{"line":72,"column":2},"end":{"line":119,"column":3}},"19":{"start":{"line":74,"column":6},"end":{"line":77,"column":8}},"20":{"start":{"line":80,"column":6},"end":{"line":83,"column":8}},"21":{"start":{"line":82,"column":41},"end":{"line":82,"column":97}},"22":{"start":{"line":86,"column":26},"end":{"line":86,"column":32}},"23":{"start":{"line":88,"column":6},"end":{"line":94,"column":7}},"24":{"start":{"line":89,"column":8},"end":{"line":89,"column":34}},"25":{"start":{"line":91,"column":8},"end":{"line":93,"column":11}},"26":{"start":{"line":92,"column":10},"end":{"line":92,"column":37}},"27":{"start":{"line":96,"column":6},"end":{"line":106,"column":8}},"28":{"start":{"line":99,"column":10},"end":{"line":104,"column":15}},"29":{"start":{"line":109,"column":6},"end":{"line":114,"column":7}},"30":{"start":{"line":110,"column":8},"end":{"line":113,"column":10}},"31":{"start":{"line":115,"column":6},"end":{"line":118,"column":8}},"32":{"start":{"line":117,"column":43},"end":{"line":117,"column":66}},"33":{"start":{"line":71,"column":13},"end":{"line":71,"column":23}},"34":{"start":{"line":122,"column":49},"end":{"line":122,"column":51}},"35":{"start":{"line":124,"column":25},"end":{"line":124,"column":39}},"36":{"start":{"line":127,"column":2},"end":{"line":127,"column":45}},"37":{"start":{"line":128,"column":2},"end":{"line":130,"column":5}},"38":{"start":{"line":129,"column":4},"end":{"line":129,"column":26}},"39":{"start":{"line":136,"column":13},"end":{"line":136,"column":20}},"40":{"start":{"line":138,"column":17},"end":{"line":142,"column":6}},"41":{"start":{"line":139,"column":4},"end":{"line":142,"column":6}},"42":{"start":{"line":143,"column":18},"end":{"line":143,"column":72}},"43":{"start":{"line":143,"column":24},"end":{"line":143,"column":72}},"44":{"start":{"line":145,"column":2},"end":{"line":155,"column":5}},"45":{"start":{"line":152,"column":8},"end":{"line":152,"column":29}},"46":{"start":{"line":152,"column":19},"end":{"line":152,"column":29}},"47":{"start":{"line":157,"column":2},"end":{"line":161,"column":4}},"48":{"start":{"line":165,"column":28},"end":{"line":165,"column":62}},"49":{"start":{"line":167,"column":2},"end":{"line":175,"column":14}},"50":{"start":{"line":168,"column":4},"end":{"line":168,"column":29}},"51":{"start":{"line":169,"column":4},"end":{"line":174,"column":6}},"52":{"start":{"line":170,"column":20},"end":{"line":170,"column":47}},"53":{"start":{"line":171,"column":6},"end":{"line":173,"column":7}},"54":{"start":{"line":172,"column":8},"end":{"line":172,"column":35}},"55":{"start":{"line":177,"column":2},"end":{"line":181,"column":4}},"56":{"start":{"line":180,"column":35},"end":{"line":180,"column":79}}},"fnMap":{"0":{"name":"genId","decl":{"start":{"line":24,"column":9},"end":{"line":24,"column":14}},"loc":{"start":{"line":24,"column":14},"end":{"line":27,"column":1}}},"1":{"name":"(anonymous_10)","decl":{"start":{"line":55,"column":25},"end":{"line":55,"column":26}},"loc":{"start":{"line":55,"column":45},"end":{"line":69,"column":1}}},"2":{"name":"(anonymous_11)","decl":{"start":{"line":60,"column":29},"end":{"line":60,"column":32}},"loc":{"start":{"line":60,"column":34},"end":{"line":66,"column":3}}},"3":{"name":"(anonymous_12)","decl":{"start":{"line":71,"column":23},"end":{"line":71,"column":24}},"loc":{"start":{"line":71,"column":63},"end":{"line":120,"column":1}}},"4":{"name":"(anonymous_13)","decl":{"start":{"line":82,"column":33},"end":{"line":82,"column":34}},"loc":{"start":{"line":82,"column":41},"end":{"line":82,"column":97}}},"5":{"name":"(anonymous_14)","decl":{"start":{"line":91,"column":29},"end":{"line":91,"column":30}},"loc":{"start":{"line":91,"column":39},"end":{"line":93,"column":9}}},"6":{"name":"(anonymous_15)","decl":{"start":{"line":98,"column":33},"end":{"line":98,"column":34}},"loc":{"start":{"line":99,"column":10},"end":{"line":104,"column":15}}},"7":{"name":"(anonymous_16)","decl":{"start":{"line":117,"column":36},"end":{"line":117,"column":37}},"loc":{"start":{"line":117,"column":43},"end":{"line":117,"column":66}}},"8":{"name":"dispatch","decl":{"start":{"line":126,"column":9},"end":{"line":126,"column":17}},"loc":{"start":{"line":126,"column":32},"end":{"line":131,"column":1}}},"9":{"name":"(anonymous_18)","decl":{"start":{"line":128,"column":20},"end":{"line":128,"column":21}},"loc":{"start":{"line":128,"column":33},"end":{"line":130,"column":3}}},"10":{"name":"toast","decl":{"start":{"line":135,"column":9},"end":{"line":135,"column":14}},"loc":{"start":{"line":135,"column":34},"end":{"line":162,"column":1}}},"11":{"name":"(anonymous_20)","decl":{"start":{"line":138,"column":17},"end":{"line":138,"column":18}},"loc":{"start":{"line":139,"column":4},"end":{"line":142,"column":6}}},"12":{"name":"(anonymous_21)","decl":{"start":{"line":143,"column":18},"end":{"line":143,"column":21}},"loc":{"start":{"line":143,"column":24},"end":{"line":143,"column":72}}},"13":{"name":"(anonymous_22)","decl":{"start":{"line":151,"column":20},"end":{"line":151,"column":21}},"loc":{"start":{"line":151,"column":29},"end":{"line":153,"column":7}}},"14":{"name":"useToast","decl":{"start":{"line":164,"column":9},"end":{"line":164,"column":17}},"loc":{"start":{"line":164,"column":17},"end":{"line":182,"column":1}}},"15":{"name":"(anonymous_24)","decl":{"start":{"line":167,"column":18},"end":{"line":167,"column":21}},"loc":{"start":{"line":167,"column":23},"end":{"line":175,"column":3}}},"16":{"name":"(anonymous_25)","decl":{"start":{"line":169,"column":11},"end":{"line":169,"column":14}},"loc":{"start":{"line":169,"column":16},"end":{"line":174,"column":5}}},"17":{"name":"(anonymous_26)","decl":{"start":{"line":180,"column":13},"end":{"line":180,"column":14}},"loc":{"start":{"line":180,"column":35},"end":{"line":180,"column":79}}}},"branchMap":{"0":{"loc":{"start":{"line":56,"column":2},"end":{"line":58,"column":3}},"type":"if","locations":[{"start":{"line":56,"column":2},"end":{"line":58,"column":3}},{"start":{},"end":{}}]},"1":{"loc":{"start":{"line":72,"column":2},"end":{"line":119,"column":3}},"type":"switch","locations":[{"start":{"line":73,"column":4},"end":{"line":77,"column":8}},{"start":{"line":79,"column":4},"end":{"line":83,"column":8}},{"start":{"line":85,"column":4},"end":{"line":107,"column":5}},{"start":{"line":108,"column":4},"end":{"line":118,"column":8}}]},"2":{"loc":{"start":{"line":82,"column":41},"end":{"line":82,"column":97}},"type":"cond-expr","locations":[{"start":{"line":82,"column":68},"end":{"line":82,"column":93}},{"start":{"line":82,"column":96},"end":{"line":82,"column":97}}]},"3":{"loc":{"start":{"line":88,"column":6},"end":{"line":94,"column":7}},"type":"if","locations":[{"start":{"line":88,"column":6},"end":{"line":94,"column":7}},{"start":{"line":90,"column":13},"end":{"line":94,"column":7}}]},"4":{"loc":{"start":{"line":99,"column":10},"end":{"line":104,"column":15}},"type":"cond-expr","locations":[{"start":{"line":100,"column":14},"end":{"line":103,"column":null}},{"start":{"line":104,"column":14},"end":{"line":104,"column":15}}]},"5":{"loc":{"start":{"line":99,"column":10},"end":{"line":99,"column":51}},"type":"binary-expr","locations":[{"start":{"line":99,"column":10},"end":{"line":99,"column":26}},{"start":{"line":99,"column":30},"end":{"line":99,"column":51}}]},"6":{"loc":{"start":{"line":109,"column":6},"end":{"line":114,"column":7}},"type":"if","locations":[{"start":{"line":109,"column":6},"end":{"line":114,"column":7}},{"start":{},"end":{}}]},"7":{"loc":{"start":{"line":152,"column":8},"end":{"line":152,"column":29}},"type":"if","locations":[{"start":{"line":152,"column":8},"end":{"line":152,"column":29}},{"start":{},"end":{}}]},"8":{"loc":{"start":{"line":171,"column":6},"end":{"line":173,"column":7}},"type":"if","locations":[{"start":{"line":171,"column":6},"end":{"line":173,"column":7}},{"start":{},"end":{}}]}},"s":{"0":1,"1":1,"2":1,"3":1,"4":1,"5":1,"6":1,"7":0,"8":0,"9":1,"10":1,"11":0,"12":0,"13":0,"14":0,"15":0,"16":0,"17":1,"18":0,"19":0,"20":0,"21":0,"22":0,"23":0,"24":0,"25":0,"26":0,"27":0,"28":0,"29":0,"30":0,"31":0,"32":0,"33":1,"34":1,"35":1,"36":0,"37":0,"38":0,"39":0,"40":0,"41":0,"42":0,"43":0,"44":0,"45":0,"46":0,"47":0,"48":1,"49":1,"50":1,"51":1,"52":1,"53":1,"54":1,"55":1,"56":0},"f":{"0":0,"1":0,"2":0,"3":0,"4":0,"5":0,"6":0,"7":0,"8":0,"9":0,"10":0,"11":0,"12":0,"13":0,"14":1,"15":1,"16":1,"17":0},"b":{"0":[0,0],"1":[0,0,0,0],"2":[0,0],"3":[0,0],"4":[0,0],"5":[0,0],"6":[0,0],"7":[0,0],"8":[1,0]}}
,"C:\\Projects\\GymOS\\frontend\\src\\components\\ux\\EmptyState.tsx": {"path":"C:\\Projects\\GymOS\\frontend\\src\\components\\ux\\EmptyState.tsx","statementMap":{"0":{"start":{"line":1,"column":0},"end":{"line":1,"column":44}},"1":{"start":{"line":3,"column":26},"end":{"line":10,"column":null}},"2":{"start":{"line":4,"column":2},"end":{"line":9,"column":null}},"3":{"start":{"line":3,"column":13},"end":{"line":3,"column":26}}},"fnMap":{"0":{"name":"(anonymous_0)","decl":{"start":{"line":3,"column":26},"end":{"line":3,"column":27}},"loc":{"start":{"line":4,"column":2},"end":{"line":9,"column":null}}}},"branchMap":{"0":{"loc":{"start":{"line":3,"column":29},"end":{"line":3,"column":46}},"type":"default-arg","locations":[{"start":{"line":3,"column":37},"end":{"line":3,"column":46}}]},"1":{"loc":{"start":{"line":3,"column":48},"end":{"line":3,"column":90}},"type":"default-arg","locations":[{"start":{"line":3,"column":62},"end":{"line":3,"column":90}}]}},"s":{"0":1,"1":1,"2":0,"3":1},"f":{"0":0},"b":{"0":[0],"1":[0]}}
,"C:\\Projects\\GymOS\\frontend\\src\\components\\ux\\LoadingState.tsx": {"path":"C:\\Projects\\GymOS\\frontend\\src\\components\\ux\\LoadingState.tsx","statementMap":{"0":{"start":{"line":1,"column":0},"end":{"line":1,"column":39}},"1":{"start":{"line":3,"column":28},"end":{"line":7,"column":null}},"2":{"start":{"line":4,"column":2},"end":{"line":6,"column":null}},"3":{"start":{"line":3,"column":13},"end":{"line":3,"column":28}}},"fnMap":{"0":{"name":"(anonymous_0)","decl":{"start":{"line":3,"column":28},"end":{"line":3,"column":29}},"loc":{"start":{"line":4,"column":2},"end":{"line":6,"column":null}}}},"branchMap":{"0":{"loc":{"start":{"line":3,"column":31},"end":{"line":3,"column":50}},"type":"default-arg","locations":[{"start":{"line":3,"column":38},"end":{"line":3,"column":50}}]}},"s":{"0":2,"1":2,"2":0,"3":2},"f":{"0":0},"b":{"0":[0]}}
,"C:\\Projects\\GymOS\\frontend\\src\\components\\ux\\NotAuthorizedState.tsx": {"path":"C:\\Projects\\GymOS\\frontend\\src\\components\\ux\\NotAuthorizedState.tsx","statementMap":{"0":{"start":{"line":1,"column":0},"end":{"line":1,"column":43}},"1":{"start":{"line":2,"column":0},"end":{"line":2,"column":38}},"2":{"start":{"line":4,"column":34},"end":{"line":19,"column":null}},"3":{"start":{"line":5,"column":2},"end":{"line":18,"column":null}},"4":{"start":{"line":4,"column":13},"end":{"line":4,"column":34}}},"fnMap":{"0":{"name":"(anonymous_0)","decl":{"start":{"line":4,"column":34},"end":{"line":4,"column":35}},"loc":{"start":{"line":5,"column":2},"end":{"line":18,"column":null}}}},"branchMap":{"0":{"loc":{"start":{"line":14,"column":5},"end":{"line":17,"column":null}},"type":"binary-expr","locations":[{"start":{"line":14,"column":5},"end":{"line":14,"column":13}},{"start":{"line":15,"column":6},"end":{"line":15,"column":null}}]}},"s":{"0":1,"1":1,"2":1,"3":0,"4":1},"f":{"0":0},"b":{"0":[0,0]}}
,"C:\\Projects\\GymOS\\frontend\\src\\contexts\\AuthContext.tsx": {"path":"C:\\Projects\\GymOS\\frontend\\src\\contexts\\AuthContext.tsx","statementMap":{"0":{"start":{"line":2,"column":0},"end":{"line":2,"column":71}},"1":{"start":{"line":15,"column":20},"end":{"line":15,"column":73}},"2":{"start":{"line":17,"column":28},"end":{"line":35,"column":1}},"3":{"start":{"line":18,"column":36},"end":{"line":22,"column":4}},"4":{"start":{"line":24,"column":16},"end":{"line":26,"column":3}},"5":{"start":{"line":25,"column":4},"end":{"line":25,"column":57}},"6":{"start":{"line":28,"column":17},"end":{"line":30,"column":3}},"7":{"start":{"line":29,"column":4},"end":{"line":29,"column":70}},"8":{"start":{"line":32,"column":2},"end":{"line":34,"column":4}},"9":{"start":{"line":17,"column":13},"end":{"line":17,"column":28}},"10":{"start":{"line":37,"column":23},"end":{"line":41,"column":1}},"11":{"start":{"line":38,"column":18},"end":{"line":38,"column":41}},"12":{"start":{"line":39,"column":2},"end":{"line":39,"column":79}},"13":{"start":{"line":39,"column":16},"end":{"line":39,"column":79}},"14":{"start":{"line":40,"column":2},"end":{"line":40,"column":17}},"15":{"start":{"line":37,"column":13},"end":{"line":37,"column":23}}},"fnMap":{"0":{"name":"(anonymous_0)","decl":{"start":{"line":17,"column":28},"end":{"line":17,"column":29}},"loc":{"start":{"line":17,"column":70},"end":{"line":35,"column":1}}},"1":{"name":"(anonymous_1)","decl":{"start":{"line":24,"column":16},"end":{"line":24,"column":17}},"loc":{"start":{"line":24,"column":59},"end":{"line":26,"column":3}}},"2":{"name":"(anonymous_2)","decl":{"start":{"line":28,"column":17},"end":{"line":28,"column":20}},"loc":{"start":{"line":28,"column":22},"end":{"line":30,"column":3}}},"3":{"name":"(anonymous_3)","decl":{"start":{"line":37,"column":23},"end":{"line":37,"column":26}},"loc":{"start":{"line":37,"column":28},"end":{"line":41,"column":1}}}},"branchMap":{"0":{"loc":{"start":{"line":39,"column":2},"end":{"line":39,"column":79}},"type":"if","locations":[{"start":{"line":39,"column":2},"end":{"line":39,"column":79}},{"start":{},"end":{}}]}},"s":{"0":1,"1":1,"2":1,"3":1,"4":1,"5":0,"6":1,"7":0,"8":1,"9":1,"10":1,"11":3,"12":3,"13":0,"14":3,"15":1},"f":{"0":1,"1":0,"2":0,"3":3},"b":{"0":[0,3]}}
,"C:\\Projects\\GymOS\\frontend\\src\\contexts\\TenantContext.tsx": {"path":"C:\\Projects\\GymOS\\frontend\\src\\contexts\\TenantContext.tsx","statementMap":{"0":{"start":{"line":2,"column":0},"end":{"line":2,"column":71}},"1":{"start":{"line":11,"column":22},"end":{"line":11,"column":77}},"2":{"start":{"line":13,"column":30},"end":{"line":22,"column":1}},"3":{"start":{"line":14,"column":32},"end":{"line":14,"column":61}},"4":{"start":{"line":15,"column":32},"end":{"line":15,"column":61}},"5":{"start":{"line":17,"column":2},"end":{"line":21,"column":4}},"6":{"start":{"line":13,"column":13},"end":{"line":13,"column":30}},"7":{"start":{"line":24,"column":25},"end":{"line":28,"column":1}},"8":{"start":{"line":25,"column":18},"end":{"line":25,"column":43}},"9":{"start":{"line":26,"column":2},"end":{"line":26,"column":82}},"10":{"start":{"line":26,"column":16},"end":{"line":26,"column":82}},"11":{"start":{"line":27,"column":2},"end":{"line":27,"column":17}},"12":{"start":{"line":24,"column":13},"end":{"line":24,"column":25}}},"fnMap":{"0":{"name":"(anonymous_0)","decl":{"start":{"line":13,"column":30},"end":{"line":13,"column":31}},"loc":{"start":{"line":13,"column":72},"end":{"line":22,"column":1}}},"1":{"name":"(anonymous_1)","decl":{"start":{"line":24,"column":25},"end":{"line":24,"column":28}},"loc":{"start":{"line":24,"column":30},"end":{"line":28,"column":1}}}},"branchMap":{"0":{"loc":{"start":{"line":26,"column":2},"end":{"line":26,"column":82}},"type":"if","locations":[{"start":{"line":26,"column":2},"end":{"line":26,"column":82}},{"start":{},"end":{}}]}},"s":{"0":1,"1":1,"2":1,"3":1,"4":1,"5":1,"6":1,"7":1,"8":0,"9":0,"10":0,"11":0,"12":1},"f":{"0":1,"1":0},"b":{"0":[0,0]}}
,"C:\\Projects\\GymOS\\frontend\\src\\features\\auth\\AuthSimulator.tsx": {"path":"C:\\Projects\\GymOS\\frontend\\src\\features\\auth\\AuthSimulator.tsx","statementMap":{"0":{"start":{"line":7,"column":0},"end":{"line":7,"column":16}},"1":{"start":{"line":1,"column":0},"end":{"line":1,"column":47}},"2":{"start":{"line":2,"column":0},"end":{"line":2,"column":49}},"3":{"start":{"line":3,"column":0},"end":{"line":3,"column":44}},"4":{"start":{"line":4,"column":0},"end":{"line":4,"column":48}},"5":{"start":{"line":5,"column":0},"end":{"line":5,"column":97}},"6":{"start":{"line":8,"column":20},"end":{"line":8,"column":29}},"7":{"start":{"line":9,"column":19},"end":{"line":9,"column":32}},"8":{"start":{"line":11,"column":30},"end":{"line":21,"column":3}},"9":{"start":{"line":12,"column":4},"end":{"line":17,"column":7}},"10":{"start":{"line":20,"column":4},"end":{"line":20,"column":18}},"11":{"start":{"line":23,"column":2},"end":{"line":52,"column":4}},"12":{"start":{"line":31,"column":33},"end":{"line":31,"column":71}},"13":{"start":{"line":34,"column":33},"end":{"line":34,"column":65}},"14":{"start":{"line":37,"column":33},"end":{"line":37,"column":74}},"15":{"start":{"line":40,"column":33},"end":{"line":40,"column":72}},"16":{"start":{"line":43,"column":33},"end":{"line":43,"column":67}},"17":{"start":{"line":46,"column":33},"end":{"line":46,"column":66}}},"fnMap":{"0":{"name":"AuthSimulator","decl":{"start":{"line":7,"column":16},"end":{"line":7,"column":29}},"loc":{"start":{"line":7,"column":29},"end":{"line":53,"column":1}}},"1":{"name":"(anonymous_1)","decl":{"start":{"line":11,"column":30},"end":{"line":11,"column":31}},"loc":{"start":{"line":11,"column":45},"end":{"line":21,"column":3}}},"2":{"name":"(anonymous_2)","decl":{"start":{"line":31,"column":27},"end":{"line":31,"column":30}},"loc":{"start":{"line":31,"column":33},"end":{"line":31,"column":71}}},"3":{"name":"(anonymous_3)","decl":{"start":{"line":34,"column":27},"end":{"line":34,"column":30}},"loc":{"start":{"line":34,"column":33},"end":{"line":34,"column":65}}},"4":{"name":"(anonymous_4)","decl":{"start":{"line":37,"column":27},"end":{"line":37,"column":30}},"loc":{"start":{"line":37,"column":33},"end":{"line":37,"column":74}}},"5":{"name":"(anonymous_5)","decl":{"start":{"line":40,"column":27},"end":{"line":40,"column":30}},"loc":{"start":{"line":40,"column":33},"end":{"line":40,"column":72}}},"6":{"name":"(anonymous_6)","decl":{"start":{"line":43,"column":27},"end":{"line":43,"column":30}},"loc":{"start":{"line":43,"column":33},"end":{"line":43,"column":67}}},"7":{"name":"(anonymous_7)","decl":{"start":{"line":46,"column":27},"end":{"line":46,"column":30}},"loc":{"start":{"line":46,"column":33},"end":{"line":46,"column":66}}}},"branchMap":{},"s":{"0":1,"1":1,"2":1,"3":1,"4":1,"5":1,"6":1,"7":1,"8":1,"9":0,"10":0,"11":1,"12":0,"13":0,"14":0,"15":0,"16":0,"17":0},"f":{"0":1,"1":0,"2":0,"3":0,"4":0,"5":0,"6":0,"7":0},"b":{}}
,"C:\\Projects\\GymOS\\frontend\\src\\features\\demo\\PatternScreens.tsx": {"path":"C:\\Projects\\GymOS\\frontend\\src\\features\\demo\\PatternScreens.tsx","statementMap":{"0":{"start":{"line":26,"column":0},"end":{"line":26,"column":16}},"1":{"start":{"line":71,"column":0},"end":{"line":71,"column":16}},"2":{"start":{"line":1,"column":0},"end":{"line":1,"column":33}},"3":{"start":{"line":2,"column":0},"end":{"line":2,"column":80}},"4":{"start":{"line":3,"column":0},"end":{"line":3,"column":48}},"5":{"start":{"line":4,"column":0},"end":{"line":4,"column":46}},"6":{"start":{"line":5,"column":0},"end":{"line":5,"column":null}},"7":{"start":{"line":12,"column":0},"end":{"line":12,"column":null}},"8":{"start":{"line":23,"column":0},"end":{"line":23,"column":53}},"9":{"start":{"line":24,"column":0},"end":{"line":24,"column":54}},"10":{"start":{"line":27,"column":2},"end":{"line":68,"column":4}},"11":{"start":{"line":72,"column":38},"end":{"line":72,"column":53}},"12":{"start":{"line":73,"column":20},"end":{"line":73,"column":30}},"13":{"start":{"line":75,"column":23},"end":{"line":86,"column":3}},"14":{"start":{"line":76,"column":4},"end":{"line":76,"column":24}},"15":{"start":{"line":78,"column":4},"end":{"line":85,"column":13}},"16":{"start":{"line":79,"column":6},"end":{"line":79,"column":27}},"17":{"start":{"line":80,"column":6},"end":{"line":84,"column":9}},"18":{"start":{"line":88,"column":2},"end":{"line":136,"column":4}}},"fnMap":{"0":{"name":"ListArchitectureDemo","decl":{"start":{"line":26,"column":16},"end":{"line":26,"column":36}},"loc":{"start":{"line":26,"column":36},"end":{"line":69,"column":1}}},"1":{"name":"DestructiveActionDemo","decl":{"start":{"line":71,"column":16},"end":{"line":71,"column":37}},"loc":{"start":{"line":71,"column":37},"end":{"line":137,"column":1}}},"2":{"name":"(anonymous_2)","decl":{"start":{"line":75,"column":23},"end":{"line":75,"column":26}},"loc":{"start":{"line":75,"column":28},"end":{"line":86,"column":3}}},"3":{"name":"(anonymous_3)","decl":{"start":{"line":78,"column":15},"end":{"line":78,"column":18}},"loc":{"start":{"line":78,"column":20},"end":{"line":85,"column":5}}}},"branchMap":{"0":{"loc":{"start":{"line":105,"column":17},"end":{"line":110,"column":null}},"type":"cond-expr","locations":[{"start":{"line":106,"column":18},"end":{"line":106,"column":31}},{"start":{"line":108,"column":18},"end":{"line":109,"column":null}}]}},"s":{"0":1,"1":1,"2":1,"3":1,"4":1,"5":1,"6":1,"7":1,"8":1,"9":1,"10":0,"11":0,"12":0,"13":0,"14":0,"15":0,"16":0,"17":0,"18":0},"f":{"0":0,"1":0,"2":0,"3":0},"b":{"0":[0,0]}}
,"C:\\Projects\\GymOS\\frontend\\src\\features\\system\\SystemScreens.tsx": {"path":"C:\\Projects\\GymOS\\frontend\\src\\features\\system\\SystemScreens.tsx","statementMap":{"0":{"start":{"line":7,"column":0},"end":{"line":7,"column":16}},"1":{"start":{"line":26,"column":0},"end":{"line":26,"column":16}},"2":{"start":{"line":35,"column":0},"end":{"line":35,"column":16}},"3":{"start":{"line":1,"column":0},"end":{"line":1,"column":47}},"4":{"start":{"line":2,"column":0},"end":{"line":2,"column":72}},"5":{"start":{"line":3,"column":0},"end":{"line":3,"column":56}},"6":{"start":{"line":4,"column":0},"end":{"line":4,"column":38}},"7":{"start":{"line":5,"column":0},"end":{"line":5,"column":48}},"8":{"start":{"line":8,"column":19},"end":{"line":8,"column":32}},"9":{"start":{"line":9,"column":2},"end":{"line":23,"column":4}},"10":{"start":{"line":17,"column":33},"end":{"line":17,"column":45}},"11":{"start":{"line":27,"column":19},"end":{"line":27,"column":32}},"12":{"start":{"line":28,"column":2},"end":{"line":32,"column":4}},"13":{"start":{"line":30,"column":42},"end":{"line":30,"column":55}},"14":{"start":{"line":36,"column":2},"end":{"line":47,"column":4}}},"fnMap":{"0":{"name":"NotFoundScreen","decl":{"start":{"line":7,"column":16},"end":{"line":7,"column":30}},"loc":{"start":{"line":7,"column":30},"end":{"line":24,"column":1}}},"1":{"name":"(anonymous_1)","decl":{"start":{"line":17,"column":27},"end":{"line":17,"column":30}},"loc":{"start":{"line":17,"column":33},"end":{"line":17,"column":45}}},"2":{"name":"ForbiddenScreen","decl":{"start":{"line":26,"column":16},"end":{"line":26,"column":31}},"loc":{"start":{"line":26,"column":31},"end":{"line":33,"column":1}}},"3":{"name":"(anonymous_3)","decl":{"start":{"line":30,"column":36},"end":{"line":30,"column":39}},"loc":{"start":{"line":30,"column":42},"end":{"line":30,"column":55}}},"4":{"name":"MaintenanceScreen","decl":{"start":{"line":35,"column":16},"end":{"line":35,"column":33}},"loc":{"start":{"line":35,"column":33},"end":{"line":48,"column":1}}}},"branchMap":{},"s":{"0":1,"1":1,"2":1,"3":1,"4":1,"5":1,"6":1,"7":1,"8":0,"9":0,"10":0,"11":0,"12":0,"13":0,"14":0},"f":{"0":0,"1":0,"2":0,"3":0,"4":0},"b":{}}
,"C:\\Projects\\GymOS\\frontend\\src\\mocks\\handlers.ts": {"path":"C:\\Projects\\GymOS\\frontend\\src\\mocks\\handlers.ts","statementMap":{"0":{"start":{"line":1,"column":0},"end":{"line":1,"column":41}},"1":{"start":{"line":3,"column":13},"end":{"line":11,"column":2}},"2":{"start":{"line":5,"column":4},"end":{"line":9,"column":7}}},"fnMap":{"0":{"name":"(anonymous_0)","decl":{"start":{"line":4,"column":29},"end":{"line":4,"column":32}},"loc":{"start":{"line":4,"column":34},"end":{"line":10,"column":3}}}},"branchMap":{},"s":{"0":3,"1":3,"2":0},"f":{"0":0},"b":{}}
,"C:\\Projects\\GymOS\\frontend\\src\\routes\\AppRoutes.tsx": {"path":"C:\\Projects\\GymOS\\frontend\\src\\routes\\AppRoutes.tsx","statementMap":{"0":{"start":{"line":1,"column":0},"end":{"line":1,"column":64}},"1":{"start":{"line":2,"column":0},"end":{"line":2,"column":38}},"2":{"start":{"line":3,"column":0},"end":{"line":3,"column":92}},"3":{"start":{"line":4,"column":0},"end":{"line":4,"column":56}},"4":{"start":{"line":5,"column":0},"end":{"line":5,"column":null}},"5":{"start":{"line":10,"column":0},"end":{"line":10,"column":93}},"6":{"start":{"line":11,"column":0},"end":{"line":11,"column":62}},"7":{"start":{"line":14,"column":26},"end":{"line":23,"column":null}},"8":{"start":{"line":15,"column":2},"end":{"line":22,"column":null}},"9":{"start":{"line":26,"column":18},"end":{"line":121,"column":1}},"10":{"start":{"line":27,"column":2},"end":{"line":120,"column":4}},"11":{"start":{"line":123,"column":0},"end":{"line":123,"column":25}}},"fnMap":{"0":{"name":"(anonymous_0)","decl":{"start":{"line":14,"column":26},"end":{"line":14,"column":27}},"loc":{"start":{"line":15,"column":2},"end":{"line":22,"column":null}}},"1":{"name":"(anonymous_1)","decl":{"start":{"line":26,"column":18},"end":{"line":26,"column":21}},"loc":{"start":{"line":26,"column":23},"end":{"line":121,"column":1}}}},"branchMap":{"0":{"loc":{"start":{"line":21,"column":5},"end":{"line":21,"column":61}},"type":"binary-expr","locations":[{"start":{"line":21,"column":5},"end":{"line":21,"column":32}},{"start":{"line":21,"column":36},"end":{"line":21,"column":61}}]}},"s":{"0":1,"1":1,"2":1,"3":1,"4":1,"5":1,"6":1,"7":1,"8":0,"9":1,"10":1,"11":1},"f":{"0":0,"1":1},"b":{"0":[0,0]}}
,"C:\\Projects\\GymOS\\frontend\\src\\routes\\Guards.tsx": {"path":"C:\\Projects\\GymOS\\frontend\\src\\routes\\Guards.tsx","statementMap":{"0":{"start":{"line":6,"column":0},"end":{"line":6,"column":16}},"1":{"start":{"line":16,"column":0},"end":{"line":16,"column":16}},"2":{"start":{"line":27,"column":0},"end":{"line":27,"column":16}},"3":{"start":{"line":41,"column":0},"end":{"line":41,"column":16}},"4":{"start":{"line":1,"column":0},"end":{"line":1,"column":52}},"5":{"start":{"line":2,"column":0},"end":{"line":2,"column":49}},"6":{"start":{"line":3,"column":0},"end":{"line":3,"column":63}},"7":{"start":{"line":4,"column":0},"end":{"line":4,"column":60}},"8":{"start":{"line":7,"column":30},"end":{"line":7,"column":39}},"9":{"start":{"line":9,"column":2},"end":{"line":11,"column":3}},"10":{"start":{"line":10,"column":4},"end":{"line":10,"column":49}},"11":{"start":{"line":13,"column":2},"end":{"line":13,"column":20}},"12":{"start":{"line":17,"column":36},"end":{"line":17,"column":45}},"13":{"start":{"line":19,"column":2},"end":{"line":22,"column":3}},"14":{"start":{"line":20,"column":24},"end":{"line":20,"column":74}},"15":{"start":{"line":21,"column":4},"end":{"line":21,"column":49}},"16":{"start":{"line":24,"column":2},"end":{"line":24,"column":20}},"17":{"start":{"line":28,"column":19},"end":{"line":28,"column":28}},"18":{"start":{"line":30,"column":2},"end":{"line":32,"column":3}},"19":{"start":{"line":31,"column":4},"end":{"line":31,"column":42}},"20":{"start":{"line":34,"column":2},"end":{"line":36,"column":3}},"21":{"start":{"line":35,"column":4},"end":{"line":35,"column":42}},"22":{"start":{"line":38,"column":2},"end":{"line":38,"column":20}},"23":{"start":{"line":42,"column":36},"end":{"line":42,"column":45}},"24":{"start":{"line":44,"column":2},"end":{"line":46,"column":3}},"25":{"start":{"line":45,"column":4},"end":{"line":45,"column":49}},"26":{"start":{"line":48,"column":2},"end":{"line":51,"column":3}},"27":{"start":{"line":49,"column":24},"end":{"line":49,"column":77}},"28":{"start":{"line":50,"column":4},"end":{"line":50,"column":49}},"29":{"start":{"line":53,"column":2},"end":{"line":53,"column":54}}},"fnMap":{"0":{"name":"RequireAuth","decl":{"start":{"line":6,"column":16},"end":{"line":6,"column":27}},"loc":{"start":{"line":6,"column":27},"end":{"line":14,"column":1}}},"1":{"name":"RequireNoAuth","decl":{"start":{"line":16,"column":16},"end":{"line":16,"column":29}},"loc":{"start":{"line":16,"column":29},"end":{"line":25,"column":1}}},"2":{"name":"RequireRole","decl":{"start":{"line":27,"column":16},"end":{"line":27,"column":27}},"loc":{"start":{"line":27,"column":70},"end":{"line":39,"column":1}}},"3":{"name":"RedirectToRoleDashboard","decl":{"start":{"line":41,"column":16},"end":{"line":41,"column":39}},"loc":{"start":{"line":41,"column":39},"end":{"line":54,"column":1}}}},"branchMap":{"0":{"loc":{"start":{"line":9,"column":2},"end":{"line":11,"column":3}},"type":"if","locations":[{"start":{"line":9,"column":2},"end":{"line":11,"column":3}},{"start":{},"end":{}}]},"1":{"loc":{"start":{"line":19,"column":2},"end":{"line":22,"column":3}},"type":"if","locations":[{"start":{"line":19,"column":2},"end":{"line":22,"column":3}},{"start":{},"end":{}}]},"2":{"loc":{"start":{"line":19,"column":6},"end":{"line":19,"column":35}},"type":"binary-expr","locations":[{"start":{"line":19,"column":6},"end":{"line":19,"column":21}},{"start":{"line":19,"column":25},"end":{"line":19,"column":35}}]},"3":{"loc":{"start":{"line":20,"column":24},"end":{"line":20,"column":74}},"type":"binary-expr","locations":[{"start":{"line":20,"column":24},"end":{"line":20,"column":67}},{"start":{"line":20,"column":71},"end":{"line":20,"column":74}}]},"4":{"loc":{"start":{"line":30,"column":2},"end":{"line":32,"column":3}},"type":"if","locations":[{"start":{"line":30,"column":2},"end":{"line":32,"column":3}},{"start":{},"end":{}}]},"5":{"loc":{"start":{"line":30,"column":6},"end":{"line":30,"column":25}},"type":"binary-expr","locations":[{"start":{"line":30,"column":6},"end":{"line":30,"column":11}},{"start":{"line":30,"column":15},"end":{"line":30,"column":25}}]},"6":{"loc":{"start":{"line":34,"column":2},"end":{"line":36,"column":3}},"type":"if","locations":[{"start":{"line":34,"column":2},"end":{"line":36,"column":3}},{"start":{},"end":{}}]},"7":{"loc":{"start":{"line":44,"column":2},"end":{"line":46,"column":3}},"type":"if","locations":[{"start":{"line":44,"column":2},"end":{"line":46,"column":3}},{"start":{},"end":{}}]},"8":{"loc":{"start":{"line":48,"column":2},"end":{"line":51,"column":3}},"type":"if","locations":[{"start":{"line":48,"column":2},"end":{"line":51,"column":3}},{"start":{},"end":{}}]},"9":{"loc":{"start":{"line":49,"column":24},"end":{"line":49,"column":77}},"type":"binary-expr","locations":[{"start":{"line":49,"column":24},"end":{"line":49,"column":67}},{"start":{"line":49,"column":71},"end":{"line":49,"column":77}}]}},"s":{"0":2,"1":2,"2":2,"3":2,"4":2,"5":2,"6":2,"7":2,"8":3,"9":3,"10":2,"11":1,"12":1,"13":1,"14":0,"15":0,"16":1,"17":1,"18":1,"19":0,"20":1,"21":1,"22":0,"23":1,"24":1,"25":0,"26":1,"27":1,"28":1,"29":0},"f":{"0":3,"1":1,"2":1,"3":1},"b":{"0":[2,1],"1":[0,1],"2":[1,0],"3":[0,0],"4":[0,1],"5":[1,1],"6":[1,0],"7":[0,1],"8":[1,0],"9":[1,0]}}
,"C:\\Projects\\GymOS\\frontend\\src\\routes\\config.ts": {"path":"C:\\Projects\\GymOS\\frontend\\src\\routes\\config.ts","statementMap":{"0":{"start":{"line":2,"column":0},"end":{"line":2,"column":44}},"1":{"start":{"line":3,"column":0},"end":{"line":3,"column":null}},"2":{"start":{"line":28,"column":13},"end":{"line":204,"column":2}},"3":{"start":{"line":206,"column":29},"end":{"line":209,"column":1}},"4":{"start":{"line":207,"column":2},"end":{"line":207,"column":23}},"5":{"start":{"line":207,"column":13},"end":{"line":207,"column":23}},"6":{"start":{"line":208,"column":2},"end":{"line":208,"column":97}},"7":{"start":{"line":208,"column":43},"end":{"line":208,"column":95}},"8":{"start":{"line":206,"column":13},"end":{"line":206,"column":29}}},"fnMap":{"0":{"name":"(anonymous_0)","decl":{"start":{"line":206,"column":29},"end":{"line":206,"column":30}},"loc":{"start":{"line":206,"column":67},"end":{"line":209,"column":1}}},"1":{"name":"(anonymous_1)","decl":{"start":{"line":208,"column":34},"end":{"line":208,"column":35}},"loc":{"start":{"line":208,"column":43},"end":{"line":208,"column":95}}}},"branchMap":{"0":{"loc":{"start":{"line":207,"column":2},"end":{"line":207,"column":23}},"type":"if","locations":[{"start":{"line":207,"column":2},"end":{"line":207,"column":23}},{"start":{},"end":{}}]},"1":{"loc":{"start":{"line":208,"column":43},"end":{"line":208,"column":95}},"type":"binary-expr","locations":[{"start":{"line":208,"column":43},"end":{"line":208,"column":60}},{"start":{"line":208,"column":64},"end":{"line":208,"column":95}}]}},"s":{"0":1,"1":1,"2":1,"3":1,"4":0,"5":0,"6":0,"7":0,"8":1},"f":{"0":0,"1":0},"b":{"0":[0,0],"1":[0,0]}}
,"C:\\Projects\\GymOS\\frontend\\src\\types\\roles.ts": {"path":"C:\\Projects\\GymOS\\frontend\\src\\types\\roles.ts","statementMap":{"0":{"start":{"line":1,"column":13},"end":{"line":8,"column":11}},"1":{"start":{"line":13,"column":13},"end":{"line":20,"column":2}}},"fnMap":{},"branchMap":{},"s":{"0":2,"1":2},"f":{},"b":{}}
,"C:\\Projects\\GymOS\\frontend\\src\\utils\\cn.ts": {"path":"C:\\Projects\\GymOS\\frontend\\src\\utils\\cn.ts","statementMap":{"0":{"start":{"line":4,"column":0},"end":{"line":4,"column":16}},"1":{"start":{"line":1,"column":0},"end":{"line":1,"column":45}},"2":{"start":{"line":2,"column":0},"end":{"line":2,"column":41}},"3":{"start":{"line":5,"column":2},"end":{"line":5,"column":31}}},"fnMap":{"0":{"name":"cn","decl":{"start":{"line":4,"column":16},"end":{"line":4,"column":18}},"loc":{"start":{"line":4,"column":42},"end":{"line":6,"column":1}}}},"branchMap":{},"s":{"0":2,"1":2,"2":2,"3":52},"f":{"0":52},"b":{}}
,"C:\\Projects\\GymOS\\frontend\\tests\\server.ts": {"path":"C:\\Projects\\GymOS\\frontend\\tests\\server.ts","statementMap":{"0":{"start":{"line":1,"column":0},"end":{"line":1,"column":39}},"1":{"start":{"line":2,"column":0},"end":{"line":2,"column":49}},"2":{"start":{"line":4,"column":13},"end":{"line":4,"column":47}}},"fnMap":{},"branchMap":{},"s":{"0":3,"1":3,"2":3},"f":{},"b":{}}
}
