TN:
SF:src\app\App.tsx
FN:9,App
FNF:1
FNH:1
FNDA:1,App
DA:1,1
DA:2,1
DA:3,1
DA:4,1
DA:5,1
DA:7,1
DA:10,1
DA:22,1
LF:8
LH:8
BRF:0
BRH:0
end_of_record
TN:
SF:src\app\_DesignSystemShowcase.tsx
FN:90,(anonymous_0)
FN:95,(anonymous_1)
FN:306,(anonymous_2)
FN:388,(anonymous_3)
FN:394,(anonymous_4)
FN:400,(anonymous_5)
FNF:6
FNH:0
FNDA:0,(anonymous_0)
FNDA:0,(anonymous_1)
FNDA:0,(anonymous_2)
FNDA:0,(anonymous_3)
FNDA:0,(anonymous_4)
FNDA:0,(anonymous_5)
DA:1,1
DA:2,1
DA:3,1
DA:4,1
DA:12,1
DA:13,1
DA:14,1
DA:22,1
DA:23,1
DA:24,1
DA:25,1
DA:26,1
DA:27,1
DA:28,1
DA:29,1
DA:30,1
DA:37,1
DA:38,1
DA:46,1
DA:57,1
DA:65,1
DA:66,1
DA:74,1
DA:82,1
DA:84,1
DA:85,1
DA:86,1
DA:87,1
DA:88,1
DA:90,1
DA:91,0
DA:92,0
DA:93,0
DA:95,0
DA:96,0
DA:97,0
DA:98,0
DA:99,0
DA:100,0
DA:101,0
DA:105,0
DA:307,0
LF:42
LH:30
BRDA:100,0,0,0
BRDA:100,0,1,0
BRF:2
BRH:0
end_of_record
TN:
SF:src\components\ui\alert-dialog.tsx
FN:16,(anonymous_9)
FN:31,(anonymous_10)
FN:46,(anonymous_11)
FN:51,(anonymous_12)
FN:62,(anonymous_13)
FN:74,(anonymous_14)
FN:86,(anonymous_15)
FN:94,(anonymous_16)
FNF:8
FNH:0
FNDA:0,(anonymous_9)
FNDA:0,(anonymous_10)
FNDA:0,(anonymous_11)
FNDA:0,(anonymous_12)
FNDA:0,(anonymous_13)
FNDA:0,(anonymous_14)
FNDA:0,(anonymous_15)
FNDA:0,(anonymous_16)
DA:1,1
DA:2,1
DA:4,1
DA:5,1
DA:7,1
DA:9,1
DA:11,1
DA:13,1
DA:17,0
DA:26,1
DA:28,1
DA:32,0
DA:44,1
DA:46,1
DA:47,0
DA:49,1
DA:51,1
DA:52,0
DA:57,1
DA:59,1
DA:63,0
DA:69,1
DA:71,1
DA:75,0
DA:81,1
DA:83,1
DA:87,0
DA:89,1
DA:91,1
DA:95,0
DA:101,1
DA:104,1
DA:105,1
DA:106,1
DA:107,1
DA:108,1
DA:109,1
DA:110,1
DA:111,1
DA:112,1
DA:113,1
DA:114,1
LF:42
LH:34
BRF:0
BRH:0
end_of_record
TN:
SF:src\components\ui\avatar.tsx
FN:8,(anonymous_9)
FN:20,(anonymous_10)
FN:32,(anonymous_11)
FNF:3
FNH:3
FNDA:1,(anonymous_9)
FNDA:1,(anonymous_10)
FNDA:1,(anonymous_11)
DA:1,2
DA:2,2
DA:3,2
DA:5,2
DA:9,1
DA:15,2
DA:17,2
DA:21,1
DA:27,2
DA:29,2
DA:33,1
DA:42,2
DA:44,2
LF:13
LH:13
BRF:0
BRH:0
end_of_record
TN:
SF:src\components\ui\badge.tsx
FN:26,Badge
FNF:1
FNH:1
FNDA:1,Badge
DA:1,2
DA:2,2
DA:3,2
DA:5,2
DA:27,1
DA:30,2
LF:6
LH:6
BRF:0
BRH:0
end_of_record
TN:
SF:src\components\ui\breadcrumb.tsx
FN:10,(anonymous_9)
FN:14,(anonymous_10)
FN:28,(anonymous_11)
FN:39,(anonymous_12)
FN:53,(anonymous_13)
FN:66,(anonymous_14)
FN:78,(anonymous_15)
FNF:7
FNH:0
FNDA:0,(anonymous_9)
FNDA:0,(anonymous_10)
FNDA:0,(anonymous_11)
FNDA:0,(anonymous_12)
FNDA:0,(anonymous_13)
FNDA:0,(anonymous_14)
FNDA:0,(anonymous_15)
DA:1,1
DA:2,1
DA:3,1
DA:5,1
DA:10,0
DA:11,1
DA:13,1
DA:15,0
DA:25,1
DA:27,1
DA:29,0
DA:32,1
DA:34,1
DA:40,0
DA:42,0
DA:50,1
DA:52,1
DA:54,0
DA:64,1
DA:66,1
DA:67,0
DA:76,1
DA:78,1
DA:79,0
DA:89,1
DA:92,1
DA:93,1
DA:94,1
DA:95,1
DA:96,1
DA:97,1
DA:98,1
LF:32
LH:24
BRDA:40,0,0,0
BRDA:40,0,1,0
BRDA:73,1,0,0
BRDA:73,1,1,0
BRF:4
BRH:0
end_of_record
TN:
SF:src\components\ui\button.tsx
FN:40,(anonymous_9)
FNF:1
FNH:1
FNDA:3,(anonymous_9)
DA:1,2
DA:2,2
DA:3,2
DA:4,2
DA:5,2
DA:7,2
DA:39,2
DA:41,3
DA:42,3
DA:55,2
DA:57,2
LF:11
LH:11
BRDA:40,0,0,3
BRDA:40,1,0,2
BRDA:41,2,0,0
BRDA:41,2,1,3
BRDA:46,3,0,3
BRDA:46,3,1,2
BRDA:49,4,0,3
BRDA:49,4,1,1
BRF:8
BRH:7
end_of_record
TN:
SF:src\components\ui\card.tsx
FN:5,(anonymous_9)
FN:16,(anonymous_10)
FN:23,(anonymous_11)
FN:36,(anonymous_12)
FN:42,(anonymous_13)
FN:49,(anonymous_14)
FNF:6
FNH:4
FNDA:1,(anonymous_9)
FNDA:1,(anonymous_10)
FNDA:1,(anonymous_11)
FNDA:0,(anonymous_12)
FNDA:1,(anonymous_13)
FNDA:0,(anonymous_14)
DA:1,2
DA:2,2
DA:4,2
DA:6,1
DA:13,2
DA:15,2
DA:17,1
DA:20,2
DA:22,2
DA:24,1
DA:31,2
DA:33,2
DA:37,0
DA:39,2
DA:41,2
DA:43,1
DA:46,2
DA:48,2
DA:50,0
DA:53,2
DA:55,2
LF:21
LH:19
BRF:0
BRH:0
end_of_record
TN:
SF:src\components\ui\checkbox.tsx
FN:9,(anonymous_9)
FNF:1
FNH:1
FNDA:1,(anonymous_9)
DA:1,2
DA:2,2
DA:3,2
DA:4,2
DA:6,2
DA:10,1
DA:23,2
DA:25,2
LF:8
LH:8
BRF:0
BRH:0
end_of_record
TN:
SF:src\components\ui\dialog.tsx
FN:18,(anonymous_9)
FN:33,(anonymous_10)
FN:54,(anonymous_11)
FN:59,(anonymous_12)
FN:70,(anonymous_13)
FN:82,(anonymous_14)
FNF:6
FNH:5
FNDA:2,(anonymous_9)
FNDA:1,(anonymous_10)
FNDA:1,(anonymous_11)
FNDA:0,(anonymous_12)
FNDA:1,(anonymous_13)
FNDA:1,(anonymous_14)
DA:1,2
DA:2,2
DA:3,2
DA:5,2
DA:7,2
DA:9,2
DA:11,2
DA:13,2
DA:15,2
DA:19,2
DA:28,2
DA:30,2
DA:34,1
DA:52,2
DA:54,2
DA:55,1
DA:57,2
DA:59,2
DA:60,0
DA:65,2
DA:67,2
DA:71,1
DA:77,2
DA:79,2
DA:83,1
DA:89,2
DA:92,2
DA:93,2
DA:94,2
DA:95,2
DA:96,2
DA:97,2
DA:98,2
DA:99,2
DA:100,2
DA:101,2
LF:36
LH:35
BRF:0
BRH:0
end_of_record
TN:
SF:src\components\ui\dropdown-menu.tsx
FN:24,(anonymous_9)
FN:43,(anonymous_10)
FN:58,(anonymous_11)
FN:78,(anonymous_12)
FN:94,(anonymous_13)
FN:117,(anonymous_14)
FN:141,(anonymous_15)
FN:153,(anonymous_16)
FN:162,(anonymous_17)
FNF:9
FNH:0
FNDA:0,(anonymous_9)
FNDA:0,(anonymous_10)
FNDA:0,(anonymous_11)
FNDA:0,(anonymous_12)
FNDA:0,(anonymous_13)
FNDA:0,(anonymous_14)
FNDA:0,(anonymous_15)
FNDA:0,(anonymous_16)
FNDA:0,(anonymous_17)
DA:1,1
DA:2,1
DA:3,1
DA:5,1
DA:7,1
DA:9,1
DA:11,1
DA:13,1
DA:15,1
DA:17,1
DA:19,1
DA:25,0
DA:38,1
DA:40,1
DA:44,0
DA:53,1
DA:55,1
DA:59,0
DA:71,1
DA:73,1
DA:79,0
DA:89,1
DA:91,1
DA:95,0
DA:112,1
DA:114,1
DA:118,0
DA:134,1
DA:136,1
DA:142,0
DA:148,1
DA:150,1
DA:154,0
DA:160,1
DA:162,1
DA:163,0
DA:167,1
DA:170,1
DA:171,1
DA:172,1
DA:173,1
DA:174,1
DA:175,1
DA:176,1
DA:177,1
DA:178,1
DA:179,1
DA:180,1
DA:181,1
DA:182,1
DA:183,1
DA:184,1
LF:52
LH:43
BRDA:29,0,0,0
BRDA:29,0,1,0
BRDA:58,1,0,0
BRDA:83,2,0,0
BRDA:83,2,1,0
BRDA:144,3,0,0
BRDA:144,3,1,0
BRF:7
BRH:0
end_of_record
TN:
SF:src\components\ui\input.tsx
FN:7,(anonymous_9)
FNF:1
FNH:1
FNDA:1,(anonymous_9)
DA:1,2
DA:2,2
DA:6,2
DA:8,1
DA:21,2
DA:23,2
LF:6
LH:6
BRF:0
BRH:0
end_of_record
TN:
SF:src\components\ui\label.tsx
FN:5,(anonymous_9)
FNF:1
FNH:1
FNDA:3,(anonymous_9)
DA:1,2
DA:2,2
DA:4,2
DA:6,3
DA:16,2
DA:18,2
LF:6
LH:6
BRF:0
BRH:0
end_of_record
TN:
SF:src\components\ui\pagination.tsx
FN:7,(anonymous_9)
FN:18,(anonymous_10)
FN:25,(anonymous_11)
FN:34,(anonymous_12)
FN:49,(anonymous_13)
FN:65,(anonymous_14)
FN:78,(anonymous_15)
FNF:7
FNH:0
FNDA:0,(anonymous_9)
FNDA:0,(anonymous_10)
FNDA:0,(anonymous_11)
FNDA:0,(anonymous_12)
FNDA:0,(anonymous_13)
FNDA:0,(anonymous_14)
FNDA:0,(anonymous_15)
DA:1,1
DA:2,1
DA:4,1
DA:5,1
DA:7,1
DA:8,0
DA:15,1
DA:17,1
DA:19,0
DA:22,1
DA:24,1
DA:25,0
DA:27,1
DA:34,1
DA:35,0
DA:47,1
DA:49,1
DA:53,0
DA:63,1
DA:65,1
DA:66,0
DA:76,1
DA:78,1
DA:79,0
DA:88,1
DA:91,1
DA:92,1
DA:93,1
DA:94,1
DA:95,1
DA:96,1
DA:97,1
LF:32
LH:25
BRDA:34,0,0,0
BRDA:36,1,0,0
BRDA:36,1,1,0
BRDA:39,2,0,0
BRDA:39,2,1,0
BRF:5
BRH:0
end_of_record
TN:
SF:src\components\ui\popover.tsx
FN:13,(anonymous_9)
FNF:1
FNH:0
FNDA:0,(anonymous_9)
DA:1,1
DA:2,1
DA:4,1
DA:6,1
DA:8,1
DA:10,1
DA:14,0
DA:27,1
DA:29,1
LF:9
LH:8
BRDA:13,0,0,0
BRDA:13,1,0,0
BRF:2
BRH:0
end_of_record
TN:
SF:src\components\ui\radio-group.tsx
FN:10,(anonymous_9)
FN:18,(anonymous_10)
FNF:2
FNH:0
FNDA:0,(anonymous_9)
FNDA:0,(anonymous_10)
DA:1,1
DA:2,1
DA:3,1
DA:5,1
DA:7,1
DA:11,0
DA:13,1
DA:15,1
DA:19,0
DA:34,1
DA:36,1
LF:11
LH:9
BRF:0
BRH:0
end_of_record
TN:
SF:src\components\ui\select.tsx
FN:16,(anonymous_9)
FN:36,(anonymous_10)
FN:50,(anonymous_11)
FN:64,(anonymous_12)
FN:96,(anonymous_13)
FN:108,(anonymous_14)
FN:131,(anonymous_15)
FNF:7
FNH:5
FNDA:1,(anonymous_9)
FNDA:1,(anonymous_10)
FNDA:1,(anonymous_11)
FNDA:1,(anonymous_12)
FNDA:0,(anonymous_13)
FNDA:2,(anonymous_14)
FNDA:0,(anonymous_15)
DA:1,2
DA:2,2
DA:3,2
DA:5,2
DA:7,2
DA:9,2
DA:11,2
DA:13,2
DA:17,1
DA:31,2
DA:33,2
DA:37,1
DA:45,2
DA:47,2
DA:51,1
DA:59,2
DA:61,2
DA:65,1
DA:91,2
DA:93,2
DA:97,0
DA:103,2
DA:105,2
DA:109,2
DA:126,2
DA:128,2
DA:132,0
DA:138,2
DA:141,2
DA:142,2
DA:143,2
DA:144,2
DA:145,2
DA:146,2
DA:147,2
DA:148,2
DA:149,2
DA:150,2
LF:38
LH:36
BRDA:64,0,0,1
BRDA:70,1,0,1
BRDA:70,1,1,1
BRDA:81,2,0,1
BRDA:81,2,1,1
BRF:5
BRH:5
end_of_record
TN:
SF:src\components\ui\separator.tsx
FN:8,(anonymous_9)
FNF:1
FNH:1
FNDA:1,(anonymous_9)
DA:1,2
DA:2,2
DA:3,2
DA:5,2
DA:9,1
DA:21,2
DA:23,2
LF:7
LH:7
BRDA:8,0,0,1
BRDA:8,1,0,1
BRDA:15,2,0,1
BRDA:15,2,1,0
BRF:4
BRH:3
end_of_record
TN:
SF:src\components\ui\skeleton.tsx
FN:3,Skeleton
FNF:1
FNH:1
FNDA:1,Skeleton
DA:1,2
DA:4,1
DA:7,2
LF:3
LH:3
BRF:0
BRH:0
end_of_record
TN:
SF:src\components\ui\switch.tsx
FN:8,(anonymous_9)
FNF:1
FNH:1
FNDA:1,(anonymous_9)
DA:1,2
DA:2,2
DA:3,2
DA:5,2
DA:9,1
DA:24,2
DA:26,2
LF:7
LH:7
BRF:0
BRH:0
end_of_record
TN:
SF:src\components\ui\table.tsx
FN:5,(anonymous_9)
FN:16,(anonymous_10)
FN:24,(anonymous_11)
FN:32,(anonymous_12)
FN:42,(anonymous_13)
FN:58,(anonymous_14)
FN:73,(anonymous_15)
FN:85,(anonymous_16)
FNF:8
FNH:0
FNDA:0,(anonymous_9)
FNDA:0,(anonymous_10)
FNDA:0,(anonymous_11)
FNDA:0,(anonymous_12)
FNDA:0,(anonymous_13)
FNDA:0,(anonymous_14)
FNDA:0,(anonymous_15)
FNDA:0,(anonymous_16)
DA:1,1
DA:2,1
DA:4,1
DA:6,0
DA:11,1
DA:13,1
DA:17,0
DA:19,1
DA:21,1
DA:25,0
DA:27,1
DA:29,1
DA:33,0
DA:39,1
DA:41,1
DA:43,0
DA:53,1
DA:55,1
DA:59,0
DA:68,1
DA:70,1
DA:74,0
DA:80,1
DA:82,1
DA:86,0
DA:88,1
DA:90,1
LF:27
LH:19
BRF:0
BRH:0
end_of_record
TN:
SF:src\components\ui\tabs.tsx
FN:10,(anonymous_9)
FN:25,(anonymous_10)
FN:40,(anonymous_11)
FNF:3
FNH:3
FNDA:1,(anonymous_9)
FNDA:2,(anonymous_10)
FNDA:2,(anonymous_11)
DA:1,2
DA:2,2
DA:3,2
DA:5,2
DA:7,2
DA:11,1
DA:20,2
DA:22,2
DA:26,2
DA:35,2
DA:37,2
DA:41,2
DA:50,2
DA:52,2
LF:14
LH:14
BRF:0
BRH:0
end_of_record
TN:
SF:src\components\ui\textarea.tsx
FN:7,(anonymous_9)
FNF:1
FNH:1
FNDA:1,(anonymous_9)
DA:1,2
DA:2,2
DA:6,2
DA:8,1
DA:20,2
DA:22,2
LF:6
LH:6
BRF:0
BRH:0
end_of_record
TN:
SF:src\components\ui\toast.tsx
FN:12,(anonymous_9)
FN:29,(anonymous_10)
FN:54,(anonymous_11)
FN:69,(anonymous_12)
FN:87,(anonymous_13)
FN:95,(anonymous_14)
FNF:6
FNH:1
FNDA:1,(anonymous_9)
FNDA:0,(anonymous_10)
FNDA:0,(anonymous_11)
FNDA:0,(anonymous_12)
FNDA:0,(anonymous_13)
FNDA:0,(anonymous_14)
DA:1,1
DA:2,1
DA:3,1
DA:5,1
DA:7,1
DA:9,1
DA:13,1
DA:22,1
DA:24,1
DA:30,0
DA:49,1
DA:51,1
DA:55,0
DA:64,1
DA:66,1
DA:70,0
DA:82,1
DA:84,1
DA:88,0
DA:90,1
DA:92,1
DA:96,0
DA:102,1
DA:110,1
DA:111,1
DA:112,1
DA:113,1
DA:114,1
DA:115,1
DA:116,1
LF:30
LH:25
BRDA:29,0,0,0
BRF:1
BRH:0
end_of_record
TN:
SF:src\components\ui\toaster.tsx
FN:11,Toaster
FN:16,(anonymous_1)
FNF:2
FNH:1
FNDA:1,Toaster
FNDA:0,(anonymous_1)
DA:1,1
DA:9,1
DA:11,1
DA:12,1
DA:14,1
DA:17,0
LF:6
LH:5
BRDA:20,0,0,0
BRDA:20,0,1,0
BRDA:21,1,0,0
BRDA:21,1,1,0
BRF:4
BRH:0
end_of_record
TN:
SF:src\components\ui\tooltip.tsx
FN:14,(anonymous_9)
FNF:1
FNH:0
FNDA:0,(anonymous_9)
DA:1,1
DA:2,1
DA:3,1
DA:5,1
DA:7,1
DA:9,1
DA:11,1
DA:15,0
DA:25,1
DA:27,1
LF:10
LH:9
BRDA:14,0,0,0
BRF:1
BRH:0
end_of_record
TN:
SF:src\components\ui\use-toast.ts
FN:23,genId
FN:54,(anonymous_10)
FN:59,(anonymous_11)
FN:70,(anonymous_12)
FN:81,(anonymous_13)
FN:90,(anonymous_14)
FN:97,(anonymous_15)
FN:116,(anonymous_16)
FN:125,dispatch
FN:127,(anonymous_18)
FN:134,toast
FN:137,(anonymous_20)
FN:142,(anonymous_21)
FN:150,(anonymous_22)
FN:163,useToast
FN:166,(anonymous_24)
FN:168,(anonymous_25)
FN:179,(anonymous_26)
FNF:18
FNH:3
FNDA:0,genId
FNDA:0,(anonymous_10)
FNDA:0,(anonymous_11)
FNDA:0,(anonymous_12)
FNDA:0,(anonymous_13)
FNDA:0,(anonymous_14)
FNDA:0,(anonymous_15)
FNDA:0,(anonymous_16)
FNDA:0,dispatch
FNDA:0,(anonymous_18)
FNDA:0,toast
FNDA:0,(anonymous_20)
FNDA:0,(anonymous_21)
FNDA:0,(anonymous_22)
FNDA:1,useToast
FNDA:1,(anonymous_24)
FNDA:1,(anonymous_25)
FNDA:0,(anonymous_26)
DA:1,1
DA:4,1
DA:5,1
DA:14,1
DA:21,1
DA:24,0
DA:25,0
DA:52,1
DA:54,1
DA:55,0
DA:56,0
DA:59,0
DA:60,0
DA:61,0
DA:67,0
DA:70,1
DA:71,0
DA:73,0
DA:79,0
DA:81,0
DA:85,0
DA:87,0
DA:88,0
DA:90,0
DA:91,0
DA:95,0
DA:98,0
DA:108,0
DA:109,0
DA:114,0
DA:116,0
DA:121,1
DA:123,1
DA:126,0
DA:127,0
DA:128,0
DA:135,0
DA:137,0
DA:138,0
DA:142,0
DA:144,0
DA:151,0
DA:156,0
DA:164,1
DA:166,1
DA:167,1
DA:168,1
DA:169,1
DA:170,1
DA:171,1
DA:176,1
DA:179,0
DA:183,1
LF:53
LH:19
BRDA:55,0,0,0
BRDA:55,0,1,0
BRDA:71,1,0,0
BRDA:71,1,1,0
BRDA:71,1,2,0
BRDA:71,1,3,0
BRDA:81,2,0,0
BRDA:81,2,1,0
BRDA:87,3,0,0
BRDA:87,3,1,0
BRDA:98,4,0,0
BRDA:98,4,1,0
BRDA:98,5,0,0
BRDA:98,5,1,0
BRDA:108,6,0,0
BRDA:108,6,1,0
BRDA:151,7,0,0
BRDA:151,7,1,0
BRDA:170,8,0,1
BRDA:170,8,1,0
BRF:20
BRH:1
end_of_record
TN:
SF:src\components\ux\EmptyState.tsx
FN:3,(anonymous_0)
FNF:1
FNH:0
FNDA:0,(anonymous_0)
DA:1,1
DA:3,1
DA:4,0
LF:3
LH:2
BRDA:3,0,0,0
BRDA:3,1,0,0
BRF:2
BRH:0
end_of_record
TN:
SF:src\components\ux\ErrorState.tsx
FN:4,(anonymous_0)
FNF:1
FNH:0
FNDA:0,(anonymous_0)
DA:1,1
DA:2,1
DA:4,1
DA:11,0
LF:4
LH:3
BRDA:5,0,0,0
BRDA:15,1,0,0
BRDA:15,1,1,0
BRF:3
BRH:0
end_of_record
TN:
SF:src\components\ux\LoadingState.tsx
FN:3,(anonymous_0)
FNF:1
FNH:0
FNDA:0,(anonymous_0)
DA:1,1
DA:3,1
DA:4,0
LF:3
LH:2
BRDA:3,0,0,0
BRF:1
BRH:0
end_of_record
TN:
SF:src\components\ux\NotAuthorizedState.tsx
FN:4,(anonymous_0)
FNF:1
FNH:0
FNDA:0,(anonymous_0)
DA:1,1
DA:2,1
DA:4,1
DA:5,0
LF:4
LH:3
BRDA:14,0,0,0
BRDA:14,0,1,0
BRF:2
BRH:0
end_of_record
TN:
SF:src\components\ux\SuccessState.tsx
FN:10,(anonymous_1)
FNF:1
FNH:0
FNDA:0,(anonymous_1)
DA:1,1
DA:2,1
DA:10,1
DA:11,0
LF:4
LH:3
BRDA:10,0,0,0
BRDA:14,1,0,0
BRDA:14,1,1,0
BRDA:15,2,0,0
BRDA:15,2,1,0
BRF:5
BRH:0
end_of_record
TN:
SF:src\contexts\AuthContext.tsx
FN:17,(anonymous_0)
FN:24,(anonymous_1)
FN:28,(anonymous_2)
FN:37,(anonymous_3)
FNF:4
FNH:2
FNDA:1,(anonymous_0)
FNDA:0,(anonymous_1)
FNDA:0,(anonymous_2)
FNDA:1,(anonymous_3)
DA:2,1
DA:15,1
DA:17,1
DA:18,1
DA:24,1
DA:25,0
DA:28,1
DA:29,0
DA:32,1
DA:37,1
DA:38,1
DA:39,1
DA:40,1
LF:13
LH:11
BRDA:39,0,0,0
BRDA:39,0,1,1
BRF:2
BRH:1
end_of_record
TN:
SF:src\contexts\TenantContext.tsx
FN:13,(anonymous_0)
FN:24,(anonymous_1)
FNF:2
FNH:1
FNDA:1,(anonymous_0)
FNDA:0,(anonymous_1)
DA:2,1
DA:11,1
DA:13,1
DA:14,1
DA:15,1
DA:17,1
DA:24,1
DA:25,0
DA:26,0
DA:27,0
LF:10
LH:7
BRDA:26,0,0,0
BRDA:26,0,1,0
BRF:2
BRH:0
end_of_record
TN:
SF:src\mocks\handlers.ts
FN:4,(anonymous_0)
FNF:1
FNH:0
FNDA:0,(anonymous_0)
DA:1,2
DA:3,2
DA:5,0
LF:3
LH:2
BRF:0
BRH:0
end_of_record
TN:
SF:src\routes\AppRoutes.tsx
FN:5,(anonymous_0)
FN:19,(anonymous_1)
FN:29,(anonymous_2)
FNF:3
FNH:3
FNDA:1,(anonymous_0)
FNDA:1,(anonymous_1)
FNDA:1,(anonymous_2)
DA:1,1
DA:2,1
DA:3,1
DA:5,1
DA:6,1
DA:19,1
DA:20,1
DA:21,1
DA:26,1
DA:29,1
DA:30,1
DA:97,1
LF:12
LH:12
BRDA:21,0,0,1
BRDA:21,0,1,0
BRF:2
BRH:1
end_of_record
TN:
SF:src\utils\cn.ts
FN:4,cn
FNF:1
FNH:1
FNDA:41,cn
DA:1,2
DA:2,2
DA:4,2
DA:5,41
LF:4
LH:4
BRF:0
BRH:0
end_of_record
TN:
SF:tests\server.ts
FNF:0
FNH:0
DA:1,2
DA:2,2
DA:4,2
LF:3
LH:3
BRF:0
BRH:0
end_of_record
