TN:
SF:src\app\App.tsx
FN:9,App
FNF:1
FNH:1
FNDA:1,App
DA:1,1
DA:2,1
DA:3,1
DA:4,1
DA:5,1
DA:7,1
DA:10,1
DA:22,1
LF:8
LH:8
BRF:0
BRH:0
end_of_record
TN:
SF:src\components\layout\AppShell.tsx
FN:8,AppShell
FN:21,(anonymous_1)
FN:29,(anonymous_2)
FN:37,(anonymous_3)
FN:45,(anonymous_4)
FNF:5
FNH:0
FNDA:0,AppShell
FNDA:0,(anonymous_1)
FNDA:0,(anonymous_2)
FNDA:0,(anonymous_3)
FNDA:0,(anonymous_4)
DA:1,1
DA:2,1
DA:3,1
DA:4,1
DA:5,1
DA:6,1
DA:8,1
DA:9,0
DA:11,0
DA:21,0
DA:29,0
DA:37,0
DA:45,0
LF:13
LH:7
BRDA:17,0,0,0
BRDA:17,0,1,0
BRF:2
BRH:0
end_of_record
TN:
SF:src\components\layout\BreadcrumbNav.tsx
FN:13,BreadcrumbNav
FN:19,(anonymous_1)
FN:31,(anonymous_2)
FNF:3
FNH:0
FNDA:0,BreadcrumbNav
FNDA:0,(anonymous_1)
FNDA:0,(anonymous_2)
DA:1,1
DA:2,1
DA:3,1
DA:11,1
DA:13,1
DA:14,0
DA:15,0
DA:18,0
DA:19,0
DA:20,0
DA:23,0
DA:32,0
DA:33,0
DA:36,0
DA:38,0
LF:15
LH:5
BRDA:36,0,0,0
BRDA:36,0,1,0
BRDA:44,1,0,0
BRDA:44,1,1,0
BRF:4
BRH:0
end_of_record
TN:
SF:src\components\layout\Header.tsx
FN:16,Header
FN:20,(anonymous_1)
FN:25,(anonymous_2)
FN:62,(anonymous_3)
FNF:4
FNH:0
FNDA:0,Header
FNDA:0,(anonymous_1)
FNDA:0,(anonymous_2)
FNDA:0,(anonymous_3)
DA:1,1
DA:2,1
DA:3,1
DA:11,1
DA:12,1
DA:13,1
DA:14,1
DA:16,1
DA:17,0
DA:18,0
DA:20,0
DA:21,0
DA:22,0
DA:25,0
DA:27,0
DA:62,0
LF:16
LH:8
BRDA:25,0,0,0
BRDA:25,0,1,0
BRDA:55,1,0,0
BRDA:55,1,1,0
BRDA:57,2,0,0
BRDA:57,2,1,0
BRF:6
BRH:0
end_of_record
TN:
SF:src\components\layout\Sidebar.tsx
FN:7,Sidebar
FN:20,(anonymous_1)
FN:38,(anonymous_2)
FN:44,(anonymous_3)
FNF:4
FNH:0
FNDA:0,Sidebar
FNDA:0,(anonymous_1)
FNDA:0,(anonymous_2)
FNDA:0,(anonymous_3)
DA:1,1
DA:2,1
DA:3,1
DA:4,1
DA:7,1
DA:14,0
DA:15,0
DA:16,0
DA:19,0
DA:21,0
DA:22,0
DA:23,0
DA:24,0
DA:29,0
DA:39,0
DA:45,0
DA:46,0
DA:47,0
LF:18
LH:5
BRDA:21,0,0,0
BRDA:21,0,1,0
BRDA:22,1,0,0
BRDA:22,1,1,0
BRDA:54,2,0,0
BRDA:54,2,1,0
BRDA:59,3,0,0
BRDA:59,3,1,0
BRF:8
BRH:0
end_of_record
TN:
SF:src\components\ui\alert-dialog.tsx
FN:16,(anonymous_9)
FN:31,(anonymous_10)
FN:46,(anonymous_11)
FN:51,(anonymous_12)
FN:62,(anonymous_13)
FN:74,(anonymous_14)
FN:86,(anonymous_15)
FN:94,(anonymous_16)
FNF:8
FNH:0
FNDA:0,(anonymous_9)
FNDA:0,(anonymous_10)
FNDA:0,(anonymous_11)
FNDA:0,(anonymous_12)
FNDA:0,(anonymous_13)
FNDA:0,(anonymous_14)
FNDA:0,(anonymous_15)
FNDA:0,(anonymous_16)
DA:1,1
DA:2,1
DA:4,1
DA:5,1
DA:7,1
DA:9,1
DA:11,1
DA:13,1
DA:17,0
DA:26,1
DA:28,1
DA:32,0
DA:44,1
DA:46,1
DA:47,0
DA:49,1
DA:51,1
DA:52,0
DA:57,1
DA:59,1
DA:63,0
DA:69,1
DA:71,1
DA:75,0
DA:81,1
DA:83,1
DA:87,0
DA:89,1
DA:91,1
DA:95,0
DA:101,1
DA:104,1
DA:105,1
DA:106,1
DA:107,1
DA:108,1
DA:109,1
DA:110,1
DA:111,1
DA:112,1
DA:113,1
DA:114,1
LF:42
LH:34
BRF:0
BRH:0
end_of_record
TN:
SF:src\components\ui\avatar.tsx
FN:8,(anonymous_9)
FN:20,(anonymous_10)
FN:32,(anonymous_11)
FNF:3
FNH:3
FNDA:1,(anonymous_9)
FNDA:1,(anonymous_10)
FNDA:1,(anonymous_11)
DA:1,2
DA:2,2
DA:3,2
DA:5,2
DA:9,1
DA:15,2
DA:17,2
DA:21,1
DA:27,2
DA:29,2
DA:33,1
DA:42,2
DA:44,2
LF:13
LH:13
BRF:0
BRH:0
end_of_record
TN:
SF:src\components\ui\badge.tsx
FN:27,Badge
FNF:1
FNH:1
FNDA:1,Badge
DA:2,1
DA:3,1
DA:4,1
DA:6,1
DA:28,1
DA:31,1
LF:6
LH:6
BRF:0
BRH:0
end_of_record
TN:
SF:src\components\ui\breadcrumb.tsx
FN:10,(anonymous_9)
FN:14,(anonymous_10)
FN:28,(anonymous_11)
FN:39,(anonymous_12)
FN:53,(anonymous_13)
FN:66,(anonymous_14)
FN:78,(anonymous_15)
FNF:7
FNH:0
FNDA:0,(anonymous_9)
FNDA:0,(anonymous_10)
FNDA:0,(anonymous_11)
FNDA:0,(anonymous_12)
FNDA:0,(anonymous_13)
FNDA:0,(anonymous_14)
FNDA:0,(anonymous_15)
DA:1,1
DA:2,1
DA:3,1
DA:5,1
DA:10,0
DA:11,1
DA:13,1
DA:15,0
DA:25,1
DA:27,1
DA:29,0
DA:32,1
DA:34,1
DA:40,0
DA:42,0
DA:50,1
DA:52,1
DA:54,0
DA:64,1
DA:66,1
DA:67,0
DA:76,1
DA:78,1
DA:79,0
DA:89,1
DA:92,1
DA:93,1
DA:94,1
DA:95,1
DA:96,1
DA:97,1
DA:98,1
LF:32
LH:24
BRDA:40,0,0,0
BRDA:40,0,1,0
BRDA:73,1,0,0
BRDA:73,1,1,0
BRF:4
BRH:0
end_of_record
TN:
SF:src\components\ui\button.tsx
FN:41,(anonymous_9)
FNF:1
FNH:1
FNDA:9,(anonymous_9)
DA:2,2
DA:3,2
DA:4,2
DA:5,2
DA:6,2
DA:8,2
DA:40,2
DA:42,9
DA:43,9
DA:56,2
DA:58,2
LF:11
LH:11
BRDA:41,0,0,9
BRDA:41,1,0,8
BRDA:42,2,0,0
BRDA:42,2,1,9
BRDA:47,3,0,9
BRDA:47,3,1,8
BRDA:50,4,0,9
BRDA:50,4,1,1
BRF:8
BRH:7
end_of_record
TN:
SF:src\components\ui\card.tsx
FN:5,(anonymous_9)
FN:16,(anonymous_10)
FN:23,(anonymous_11)
FN:36,(anonymous_12)
FN:42,(anonymous_13)
FN:49,(anonymous_14)
FNF:6
FNH:5
FNDA:2,(anonymous_9)
FNDA:2,(anonymous_10)
FNDA:2,(anonymous_11)
FNDA:1,(anonymous_12)
FNDA:2,(anonymous_13)
FNDA:0,(anonymous_14)
DA:1,2
DA:2,2
DA:4,2
DA:6,2
DA:13,2
DA:15,2
DA:17,2
DA:20,2
DA:22,2
DA:24,2
DA:31,2
DA:33,2
DA:37,1
DA:39,2
DA:41,2
DA:43,2
DA:46,2
DA:48,2
DA:50,0
DA:53,2
DA:55,2
LF:21
LH:20
BRF:0
BRH:0
end_of_record
TN:
SF:src\components\ui\checkbox.tsx
FN:9,(anonymous_9)
FNF:1
FNH:1
FNDA:1,(anonymous_9)
DA:1,1
DA:2,1
DA:3,1
DA:4,1
DA:6,1
DA:10,1
DA:23,1
DA:25,1
LF:8
LH:8
BRF:0
BRH:0
end_of_record
TN:
SF:src\components\ui\dialog.tsx
FN:18,(anonymous_9)
FN:33,(anonymous_10)
FN:54,(anonymous_11)
FN:59,(anonymous_12)
FN:70,(anonymous_13)
FN:82,(anonymous_14)
FNF:6
FNH:5
FNDA:2,(anonymous_9)
FNDA:1,(anonymous_10)
FNDA:1,(anonymous_11)
FNDA:0,(anonymous_12)
FNDA:1,(anonymous_13)
FNDA:1,(anonymous_14)
DA:1,1
DA:2,1
DA:3,1
DA:5,1
DA:7,1
DA:9,1
DA:11,1
DA:13,1
DA:15,1
DA:19,2
DA:28,1
DA:30,1
DA:34,1
DA:52,1
DA:54,1
DA:55,1
DA:57,1
DA:59,1
DA:60,0
DA:65,1
DA:67,1
DA:71,1
DA:77,1
DA:79,1
DA:83,1
DA:89,1
DA:92,1
DA:93,1
DA:94,1
DA:95,1
DA:96,1
DA:97,1
DA:98,1
DA:99,1
DA:100,1
DA:101,1
LF:36
LH:35
BRF:0
BRH:0
end_of_record
TN:
SF:src\components\ui\dropdown-menu.tsx
FN:24,(anonymous_9)
FN:43,(anonymous_10)
FN:58,(anonymous_11)
FN:78,(anonymous_12)
FN:94,(anonymous_13)
FN:117,(anonymous_14)
FN:141,(anonymous_15)
FN:153,(anonymous_16)
FN:162,(anonymous_17)
FNF:9
FNH:0
FNDA:0,(anonymous_9)
FNDA:0,(anonymous_10)
FNDA:0,(anonymous_11)
FNDA:0,(anonymous_12)
FNDA:0,(anonymous_13)
FNDA:0,(anonymous_14)
FNDA:0,(anonymous_15)
FNDA:0,(anonymous_16)
FNDA:0,(anonymous_17)
DA:1,1
DA:2,1
DA:3,1
DA:5,1
DA:7,1
DA:9,1
DA:11,1
DA:13,1
DA:15,1
DA:17,1
DA:19,1
DA:25,0
DA:38,1
DA:40,1
DA:44,0
DA:53,1
DA:55,1
DA:59,0
DA:71,1
DA:73,1
DA:79,0
DA:89,1
DA:91,1
DA:95,0
DA:112,1
DA:114,1
DA:118,0
DA:134,1
DA:136,1
DA:142,0
DA:148,1
DA:150,1
DA:154,0
DA:160,1
DA:162,1
DA:163,0
DA:167,1
DA:170,1
DA:171,1
DA:172,1
DA:173,1
DA:174,1
DA:175,1
DA:176,1
DA:177,1
DA:178,1
DA:179,1
DA:180,1
DA:181,1
DA:182,1
DA:183,1
DA:184,1
LF:52
LH:43
BRDA:29,0,0,0
BRDA:29,0,1,0
BRDA:58,1,0,0
BRDA:83,2,0,0
BRDA:83,2,1,0
BRDA:144,3,0,0
BRDA:144,3,1,0
BRF:7
BRH:0
end_of_record
TN:
SF:src\components\ui\input.tsx
FN:7,(anonymous_9)
FNF:1
FNH:1
FNDA:1,(anonymous_9)
DA:1,2
DA:2,2
DA:6,2
DA:8,1
DA:21,2
DA:23,2
LF:6
LH:6
BRF:0
BRH:0
end_of_record
TN:
SF:src\components\ui\label.tsx
FN:5,(anonymous_9)
FNF:1
FNH:1
FNDA:3,(anonymous_9)
DA:1,1
DA:2,1
DA:4,1
DA:6,3
DA:16,1
DA:18,1
LF:6
LH:6
BRF:0
BRH:0
end_of_record
TN:
SF:src\components\ui\select.tsx
FN:16,(anonymous_9)
FN:36,(anonymous_10)
FN:50,(anonymous_11)
FN:64,(anonymous_12)
FN:96,(anonymous_13)
FN:108,(anonymous_14)
FN:131,(anonymous_15)
FNF:7
FNH:5
FNDA:1,(anonymous_9)
FNDA:1,(anonymous_10)
FNDA:1,(anonymous_11)
FNDA:1,(anonymous_12)
FNDA:0,(anonymous_13)
FNDA:2,(anonymous_14)
FNDA:0,(anonymous_15)
DA:1,2
DA:2,2
DA:3,2
DA:5,2
DA:7,2
DA:9,2
DA:11,2
DA:13,2
DA:17,1
DA:31,2
DA:33,2
DA:37,1
DA:45,2
DA:47,2
DA:51,1
DA:59,2
DA:61,2
DA:65,1
DA:91,2
DA:93,2
DA:97,0
DA:103,2
DA:105,2
DA:109,2
DA:126,2
DA:128,2
DA:132,0
DA:138,2
DA:141,2
DA:142,2
DA:143,2
DA:144,2
DA:145,2
DA:146,2
DA:147,2
DA:148,2
DA:149,2
DA:150,2
LF:38
LH:36
BRDA:64,0,0,1
BRDA:70,1,0,1
BRDA:70,1,1,1
BRDA:81,2,0,1
BRDA:81,2,1,1
BRF:5
BRH:5
end_of_record
TN:
SF:src\components\ui\separator.tsx
FN:8,(anonymous_9)
FNF:1
FNH:1
FNDA:1,(anonymous_9)
DA:1,1
DA:2,1
DA:3,1
DA:5,1
DA:9,1
DA:21,1
DA:23,1
LF:7
LH:7
BRDA:8,0,0,1
BRDA:8,1,0,0
BRDA:15,2,0,1
BRDA:15,2,1,0
BRF:4
BRH:2
end_of_record
TN:
SF:src\components\ui\skeleton.tsx
FN:3,Skeleton
FNF:1
FNH:1
FNDA:1,Skeleton
DA:1,1
DA:4,1
DA:7,1
LF:3
LH:3
BRF:0
BRH:0
end_of_record
TN:
SF:src\components\ui\switch.tsx
FN:8,(anonymous_9)
FNF:1
FNH:1
FNDA:1,(anonymous_9)
DA:1,1
DA:2,1
DA:3,1
DA:5,1
DA:9,1
DA:24,1
DA:26,1
LF:7
LH:7
BRF:0
BRH:0
end_of_record
TN:
SF:src\components\ui\tabs.tsx
FN:10,(anonymous_9)
FN:25,(anonymous_10)
FN:40,(anonymous_11)
FNF:3
FNH:3
FNDA:1,(anonymous_9)
FNDA:2,(anonymous_10)
FNDA:2,(anonymous_11)
DA:1,1
DA:2,1
DA:3,1
DA:5,1
DA:7,1
DA:11,1
DA:20,1
DA:22,1
DA:26,2
DA:35,1
DA:37,1
DA:41,2
DA:50,1
DA:52,1
LF:14
LH:14
BRF:0
BRH:0
end_of_record
TN:
SF:src\components\ui\textarea.tsx
FN:7,(anonymous_9)
FNF:1
FNH:1
FNDA:1,(anonymous_9)
DA:1,1
DA:2,1
DA:6,1
DA:8,1
DA:20,1
DA:22,1
LF:6
LH:6
BRF:0
BRH:0
end_of_record
TN:
SF:src\components\ui\toast.tsx
FN:12,(anonymous_9)
FN:29,(anonymous_10)
FN:54,(anonymous_11)
FN:69,(anonymous_12)
FN:87,(anonymous_13)
FN:95,(anonymous_14)
FNF:6
FNH:1
FNDA:1,(anonymous_9)
FNDA:0,(anonymous_10)
FNDA:0,(anonymous_11)
FNDA:0,(anonymous_12)
FNDA:0,(anonymous_13)
FNDA:0,(anonymous_14)
DA:1,1
DA:2,1
DA:3,1
DA:5,1
DA:7,1
DA:9,1
DA:13,1
DA:22,1
DA:24,1
DA:30,0
DA:49,1
DA:51,1
DA:55,0
DA:64,1
DA:66,1
DA:70,0
DA:82,1
DA:84,1
DA:88,0
DA:90,1
DA:92,1
DA:96,0
DA:102,1
DA:110,1
DA:111,1
DA:112,1
DA:113,1
DA:114,1
DA:115,1
DA:116,1
LF:30
LH:25
BRDA:29,0,0,0
BRF:1
BRH:0
end_of_record
TN:
SF:src\components\ui\toaster.tsx
FN:11,Toaster
FN:16,(anonymous_1)
FNF:2
FNH:1
FNDA:1,Toaster
FNDA:0,(anonymous_1)
DA:1,1
DA:9,1
DA:11,1
DA:12,1
DA:14,1
DA:17,0
LF:6
LH:5
BRDA:20,0,0,0
BRDA:20,0,1,0
BRDA:21,1,0,0
BRDA:21,1,1,0
BRF:4
BRH:0
end_of_record
TN:
SF:src\components\ui\use-toast.ts
FN:24,genId
FN:55,(anonymous_10)
FN:60,(anonymous_11)
FN:71,(anonymous_12)
FN:82,(anonymous_13)
FN:91,(anonymous_14)
FN:98,(anonymous_15)
FN:117,(anonymous_16)
FN:126,dispatch
FN:128,(anonymous_18)
FN:135,toast
FN:138,(anonymous_20)
FN:143,(anonymous_21)
FN:151,(anonymous_22)
FN:164,useToast
FN:167,(anonymous_24)
FN:169,(anonymous_25)
FN:180,(anonymous_26)
FNF:18
FNH:3
FNDA:0,genId
FNDA:0,(anonymous_10)
FNDA:0,(anonymous_11)
FNDA:0,(anonymous_12)
FNDA:0,(anonymous_13)
FNDA:0,(anonymous_14)
FNDA:0,(anonymous_15)
FNDA:0,(anonymous_16)
FNDA:0,dispatch
FNDA:0,(anonymous_18)
FNDA:0,toast
FNDA:0,(anonymous_20)
FNDA:0,(anonymous_21)
FNDA:0,(anonymous_22)
FNDA:1,useToast
FNDA:1,(anonymous_24)
FNDA:1,(anonymous_25)
FNDA:0,(anonymous_26)
DA:2,1
DA:5,1
DA:6,1
DA:15,1
DA:22,1
DA:25,0
DA:26,0
DA:53,1
DA:55,1
DA:56,0
DA:57,0
DA:60,0
DA:61,0
DA:62,0
DA:68,0
DA:71,1
DA:72,0
DA:74,0
DA:80,0
DA:82,0
DA:86,0
DA:88,0
DA:89,0
DA:91,0
DA:92,0
DA:96,0
DA:99,0
DA:109,0
DA:110,0
DA:115,0
DA:117,0
DA:122,1
DA:124,1
DA:127,0
DA:128,0
DA:129,0
DA:136,0
DA:138,0
DA:139,0
DA:143,0
DA:145,0
DA:152,0
DA:157,0
DA:165,1
DA:167,1
DA:168,1
DA:169,1
DA:170,1
DA:171,1
DA:172,1
DA:177,1
DA:180,0
DA:184,1
LF:53
LH:19
BRDA:56,0,0,0
BRDA:56,0,1,0
BRDA:72,1,0,0
BRDA:72,1,1,0
BRDA:72,1,2,0
BRDA:72,1,3,0
BRDA:82,2,0,0
BRDA:82,2,1,0
BRDA:88,3,0,0
BRDA:88,3,1,0
BRDA:99,4,0,0
BRDA:99,4,1,0
BRDA:99,5,0,0
BRDA:99,5,1,0
BRDA:109,6,0,0
BRDA:109,6,1,0
BRDA:152,7,0,0
BRDA:152,7,1,0
BRDA:171,8,0,1
BRDA:171,8,1,0
BRF:20
BRH:1
end_of_record
TN:
SF:src\components\ux\EmptyState.tsx
FN:3,(anonymous_0)
FNF:1
FNH:0
FNDA:0,(anonymous_0)
DA:1,1
DA:3,1
DA:4,0
LF:3
LH:2
BRDA:3,0,0,0
BRDA:3,1,0,0
BRF:2
BRH:0
end_of_record
TN:
SF:src\components\ux\LoadingState.tsx
FN:3,(anonymous_0)
FNF:1
FNH:0
FNDA:0,(anonymous_0)
DA:1,2
DA:3,2
DA:4,0
LF:3
LH:2
BRDA:3,0,0,0
BRF:1
BRH:0
end_of_record
TN:
SF:src\components\ux\NotAuthorizedState.tsx
FN:4,(anonymous_0)
FNF:1
FNH:0
FNDA:0,(anonymous_0)
DA:1,1
DA:2,1
DA:4,1
DA:5,0
LF:4
LH:3
BRDA:14,0,0,0
BRDA:14,0,1,0
BRF:2
BRH:0
end_of_record
TN:
SF:src\contexts\AuthContext.tsx
FN:17,(anonymous_0)
FN:24,(anonymous_1)
FN:28,(anonymous_2)
FN:37,(anonymous_3)
FNF:4
FNH:2
FNDA:1,(anonymous_0)
FNDA:0,(anonymous_1)
FNDA:0,(anonymous_2)
FNDA:3,(anonymous_3)
DA:2,1
DA:15,1
DA:17,1
DA:18,1
DA:24,1
DA:25,0
DA:28,1
DA:29,0
DA:32,1
DA:37,1
DA:38,3
DA:39,3
DA:40,3
LF:13
LH:11
BRDA:39,0,0,0
BRDA:39,0,1,3
BRF:2
BRH:1
end_of_record
TN:
SF:src\contexts\TenantContext.tsx
FN:13,(anonymous_0)
FN:24,(anonymous_1)
FNF:2
FNH:1
FNDA:1,(anonymous_0)
FNDA:0,(anonymous_1)
DA:2,1
DA:11,1
DA:13,1
DA:14,1
DA:15,1
DA:17,1
DA:24,1
DA:25,0
DA:26,0
DA:27,0
LF:10
LH:7
BRDA:26,0,0,0
BRDA:26,0,1,0
BRF:2
BRH:0
end_of_record
TN:
SF:src\features\auth\AuthSimulator.tsx
FN:7,AuthSimulator
FN:11,(anonymous_1)
FN:31,(anonymous_2)
FN:34,(anonymous_3)
FN:37,(anonymous_4)
FN:40,(anonymous_5)
FN:43,(anonymous_6)
FN:46,(anonymous_7)
FNF:8
FNH:1
FNDA:1,AuthSimulator
FNDA:0,(anonymous_1)
FNDA:0,(anonymous_2)
FNDA:0,(anonymous_3)
FNDA:0,(anonymous_4)
FNDA:0,(anonymous_5)
FNDA:0,(anonymous_6)
FNDA:0,(anonymous_7)
DA:1,1
DA:2,1
DA:3,1
DA:4,1
DA:5,1
DA:7,1
DA:8,1
DA:9,1
DA:11,1
DA:12,0
DA:20,0
DA:23,1
DA:31,0
DA:34,0
DA:37,0
DA:40,0
DA:43,0
DA:46,0
LF:18
LH:10
BRF:0
BRH:0
end_of_record
TN:
SF:src\features\demo\PatternScreens.tsx
FN:26,ListArchitectureDemo
FN:71,DestructiveActionDemo
FN:75,(anonymous_2)
FN:78,(anonymous_3)
FNF:4
FNH:0
FNDA:0,ListArchitectureDemo
FNDA:0,DestructiveActionDemo
FNDA:0,(anonymous_2)
FNDA:0,(anonymous_3)
DA:1,1
DA:2,1
DA:3,1
DA:4,1
DA:5,1
DA:12,1
DA:23,1
DA:24,1
DA:26,1
DA:27,0
DA:71,1
DA:72,0
DA:73,0
DA:75,0
DA:76,0
DA:78,0
DA:79,0
DA:80,0
DA:88,0
LF:19
LH:10
BRDA:105,0,0,0
BRDA:105,0,1,0
BRF:2
BRH:0
end_of_record
TN:
SF:src\features\system\SystemScreens.tsx
FN:7,NotFoundScreen
FN:17,(anonymous_1)
FN:26,ForbiddenScreen
FN:30,(anonymous_3)
FN:35,MaintenanceScreen
FNF:5
FNH:0
FNDA:0,NotFoundScreen
FNDA:0,(anonymous_1)
FNDA:0,ForbiddenScreen
FNDA:0,(anonymous_3)
FNDA:0,MaintenanceScreen
DA:1,1
DA:2,1
DA:3,1
DA:4,1
DA:5,1
DA:7,1
DA:8,0
DA:9,0
DA:17,0
DA:26,1
DA:27,0
DA:28,0
DA:30,0
DA:35,1
DA:36,0
LF:15
LH:8
BRF:0
BRH:0
end_of_record
TN:
SF:src\mocks\handlers.ts
FN:4,(anonymous_0)
FNF:1
FNH:0
FNDA:0,(anonymous_0)
DA:1,3
DA:3,3
DA:5,0
LF:3
LH:2
BRF:0
BRH:0
end_of_record
TN:
SF:src\routes\AppRoutes.tsx
FN:14,(anonymous_0)
FN:26,(anonymous_1)
FNF:2
FNH:1
FNDA:0,(anonymous_0)
FNDA:1,(anonymous_1)
DA:1,1
DA:2,1
DA:3,1
DA:4,1
DA:5,1
DA:10,1
DA:11,1
DA:14,1
DA:15,0
DA:26,1
DA:27,1
DA:123,1
LF:12
LH:11
BRDA:21,0,0,0
BRDA:21,0,1,0
BRF:2
BRH:0
end_of_record
TN:
SF:src\routes\Guards.tsx
FN:6,RequireAuth
FN:16,RequireNoAuth
FN:27,RequireRole
FN:41,RedirectToRoleDashboard
FNF:4
FNH:4
FNDA:3,RequireAuth
FNDA:1,RequireNoAuth
FNDA:1,RequireRole
FNDA:1,RedirectToRoleDashboard
DA:1,2
DA:2,2
DA:3,2
DA:4,2
DA:6,2
DA:7,3
DA:9,3
DA:10,2
DA:13,1
DA:16,2
DA:17,1
DA:19,1
DA:20,0
DA:21,0
DA:24,1
DA:27,2
DA:28,1
DA:30,1
DA:31,0
DA:34,1
DA:35,1
DA:38,0
DA:41,2
DA:42,1
DA:44,1
DA:45,0
DA:48,1
DA:49,1
DA:50,1
DA:53,0
LF:30
LH:24
BRDA:9,0,0,2
BRDA:9,0,1,1
BRDA:19,1,0,0
BRDA:19,1,1,1
BRDA:19,2,0,1
BRDA:19,2,1,0
BRDA:20,3,0,0
BRDA:20,3,1,0
BRDA:30,4,0,0
BRDA:30,4,1,1
BRDA:30,5,0,1
BRDA:30,5,1,1
BRDA:34,6,0,1
BRDA:34,6,1,0
BRDA:44,7,0,0
BRDA:44,7,1,1
BRDA:48,8,0,1
BRDA:48,8,1,0
BRDA:49,9,0,1
BRDA:49,9,1,0
BRF:20
BRH:11
end_of_record
TN:
SF:src\routes\config.ts
FN:206,(anonymous_0)
FN:208,(anonymous_1)
FNF:2
FNH:0
FNDA:0,(anonymous_0)
FNDA:0,(anonymous_1)
DA:2,1
DA:3,1
DA:28,1
DA:206,1
DA:207,0
DA:208,0
LF:6
LH:4
BRDA:207,0,0,0
BRDA:207,0,1,0
BRDA:208,1,0,0
BRDA:208,1,1,0
BRF:4
BRH:0
end_of_record
TN:
SF:src\types\roles.ts
FNF:0
FNH:0
DA:1,2
DA:13,2
LF:2
LH:2
BRF:0
BRH:0
end_of_record
TN:
SF:src\utils\cn.ts
FN:4,cn
FNF:1
FNH:1
FNDA:52,cn
DA:1,2
DA:2,2
DA:4,2
DA:5,52
LF:4
LH:4
BRF:0
BRH:0
end_of_record
TN:
SF:tests\server.ts
FNF:0
FNH:0
DA:1,3
DA:2,3
DA:4,3
LF:3
LH:3
BRF:0
BRH:0
end_of_record
